#
# A fatal error has been detected by the Java Runtime Environment:
#
#  Internal Error (jvmciRuntime.cpp:1609), pid=48, tid=92
#  fatal error: Fatal exception in JVMCI: Error calling jdk.vm.ci.services.Services.serializeSavedProperties
#
# JRE version: OpenJDK Runtime Environment GraalVM CE 22.3.0 (17.0.5+8) (build 17.0.5+8-jvmci-22.3-b08)
# Java VM: OpenJDK 64-Bit Server VM GraalVM CE 22.3.0 (17.0.5+8-jvmci-22.3-b08, mixed mode, sharing, tiered, jvmci, jvmci compiler, compressed oops, compressed class ptrs, parallel gc, linux-amd64)
# Problematic frame:
# V  [libjvm.so+0x972714]  JVMCIRuntime::fatal_exception(JVMCIEnv*, char const*)+0x74
#
# Core dump will be written. Default location: Core dumps may be processed with "/usr/share/apport/apport -p%p -s%s -c%c -d%d -P%P -u%u -g%g -- %E" (or dumping to /home/runner/Assignment01DS/core.48)
#
# If you would like to submit a bug report, please visit:
#   https://github.com/oracle/graal/issues
#

---------------  S U M M A R Y ------------

Command Line: -XX:ThreadPriorityPolicy=1 -XX:+UnlockExperimentalVMOptions -XX:+EnableJVMCIProduct -XX:JVMCIThreadsPerNativeLibraryRuntime=1 -XX:-UnlockExperimentalVMOptions -Declipse.application=org.eclipse.jdt.ls.core.id1 -Dosgi.bundles.defaultStartLevel=4 -Declipse.product=org.eclipse.jdt.ls.core.product -Dlog.level=ALL -Xverify:none -XX:+UseParallelGC -XX:GCTimeRatio=4 -XX:AdaptiveSizePolicyWeight=90 -Dsun.zip.disableMemoryMapping=true -Xmx512m -Xms100m /nix/store/q9712qvwdh22a4krw4jz2sjrz07mvjbl-jdt-language-server-1.9.0/share/java/plugins/org.eclipse.equinox.launcher_1.6.400.v20210924-0641.jar --add-modules=ALL-SYSTEM --add-opens java.base/java.util=ALL-UNNAMED --add-opens java.base/java.lang=ALL-UNNAMED -configuration /home/runner/Assignment01DS/.cache/jdt-language-server/config -data /home/runner/.cache/jdt-language-server/data/home/runner/Assignment01DS

Host: Intel(R) Xeon(R) CPU @ 2.20GHz, 8 cores, 1G, Ubuntu 20.04.2 LTS
Time: Wed Mar  6 17:19:14 2024 UTC elapsed time: 1753.188091 seconds (0d 0h 29m 13s)

---------------  T H R E A D  ---------------

Current thread (0x00007fee900b1990):  JavaThread "JVMCI-native CompilerThread0" daemon [_thread_in_vm, id=92, stack(0x00007fee9461a000,0x00007fee9481a000)]


Current CompileTask:
JVMCI-native:1753188 10474       4       org.eclipse.osgi.internal.loader.ModuleClassLoader::loadClass (20 bytes)

Stack: [0x00007fee9461a000,0x00007fee9481a000],  sp=0x00007fee94818380,  free space=2040k
Native frames: (J=compiled Java code, j=interpreted, Vv=VM code, C=native code)
V  [libjvm.so+0x972714]  JVMCIRuntime::fatal_exception(JVMCIEnv*, char const*)+0x74
V  [libjvm.so+0x93e2fe]  JVMCIEnv::copy_saved_properties()+0x14e
V  [libjvm.so+0x9732a9]  JVMCIRuntime::initialize(JVMCIEnv*)+0xb19
V  [libjvm.so+0x9738a2]  JVMCIRuntime::get_HotSpotJVMCIRuntime(JVMCIEnv*)+0x12
V  [libjvm.so+0x9749f2]  JVMCIRuntime::compile_method(JVMCIEnv*, JVMCICompiler*, methodHandle const&, int)+0xd2
V  [libjvm.so+0x5b0d20]  CompileBroker::invoke_compiler_on_method(CompileTask*)+0x1470
V  [libjvm.so+0x5b12e8]  CompileBroker::compiler_thread_loop()+0x528
V  [libjvm.so+0xd82460]  JavaThread::thread_main_inner()+0xd0
V  [libjvm.so+0xd85a40]  Thread::call_run()+0xc0
V  [libjvm.so+0xbdb1e1]  thread_native_entry(Thread*)+0xe1

Register to memory mapping:

RAX=0x00007fee9778d000 points into unknown readable memory: 0x0000000000000058 | 58 00 00 00 00 00 00 00
RBX=0x00007fee98888398: <offset 0x0000000000ef5398> in /nix/store/gpxl5qgg8kicmcvivwmybwjlpf7wh20l-graalvm17-ce-22.3.0/lib/server/libjvm.so at 0x00007fee97993000
RCX=0x00007fee988401e8: <offset 0x0000000000ead1e8> in /nix/store/gpxl5qgg8kicmcvivwmybwjlpf7wh20l-graalvm17-ce-22.3.0/lib/server/libjvm.so at 0x00007fee97993000
RDX=0x0000000000000649 is an unknown value
RSP=0x00007fee94818380 is pointing into the stack for thread: 0x00007fee900b1990
RBP=0x00007fee948183a0 is pointing into the stack for thread: 0x00007fee900b1990
RSI=0x00007fee98888c48: <offset 0x0000000000ef5c48> in /nix/store/gpxl5qgg8kicmcvivwmybwjlpf7wh20l-graalvm17-ce-22.3.0/lib/server/libjvm.so at 0x00007fee97993000
RDI=0x00000000e0000000 is an oop: [B 
{0x00000000e0000000} - klass: {type array byte}
 - length: 44
R8 =0x00007fee98888398: <offset 0x0000000000ef5398> in /nix/store/gpxl5qgg8kicmcvivwmybwjlpf7wh20l-graalvm17-ce-22.3.0/lib/server/libjvm.so at 0x00007fee97993000
R9 =0x00007fee94818330 is pointing into the stack for thread: 0x00007fee900b1990
R10=0x00007fee94819948 is pointing into the stack for thread: 0x00007fee900b1990
R11=0x0000000000000293 is an unknown value
R12=0x0 is NULL
R13=0x00007fee900b1990 is a thread
R14=0x00007fee90000b80 points into unknown readable memory: 0x00007fee98ab9a38 | 38 9a ab 98 ee 7f 00 00
R15=0x00007fee98bc7e40: <offset 0x0000000001234e40> in /nix/store/gpxl5qgg8kicmcvivwmybwjlpf7wh20l-graalvm17-ce-22.3.0/lib/server/libjvm.so at 0x00007fee97993000


Registers:
RAX=0x00007fee9778d000, RBX=0x00007fee98888398, RCX=0x00007fee988401e8, RDX=0x0000000000000649
RSP=0x00007fee94818380, RBP=0x00007fee948183a0, RSI=0x00007fee98888c48, RDI=0x00000000e0000000
R8 =0x00007fee98888398, R9 =0x00007fee94818330, R10=0x00007fee94819948, R11=0x0000000000000293
R12=0x0000000000000000, R13=0x00007fee900b1990, R14=0x00007fee90000b80, R15=0x00007fee98bc7e40
RIP=0x00007fee98305714, EFLAGS=0x0000000000010206, CSGSFS=0x002b000000000033, ERR=0x0000000000000006
  TRAPNO=0x000000000000000e

Top of Stack: (sp=0x00007fee94818380)
0x00007fee94818380:   00007fee94818940 00007fee900b1990
0x00007fee94818390:   00007fee9611e8c8 0000000800c417a0
0x00007fee948183a0:   00007fee94818500 00007fee982d12fe
0x00007fee948183b0:   00007fee948183e0 00007fee94818440 

Instructions: (pc=0x00007fee98305714)
0x00007fee98305614:   30 e8 f6 cf e8 ff 4c 89 e7 e8 2e 48 d1 ff 84 db
0x00007fee98305624:   75 2a 4d 85 ed 74 04 4d 8b 6d 00 48 83 c4 08 44
0x00007fee98305634:   89 f9 4c 89 f2 4c 89 ee 5b 4c 89 e7 41 5c 41 5d
0x00007fee98305644:   41 5e 41 5f 5d e9 e2 47 d1 ff 66 90 48 83 c4 08
0x00007fee98305654:   5b 41 5c 41 5d 41 5e 41 5f 5d c3 90 31 d2 be 08
0x00007fee98305664:   00 00 00 4c 89 ff e8 b1 78 a3 ff 49 89 c5 e9 37
0x00007fee98305674:   ff ff ff 66 0f 1f 84 00 00 00 00 00 48 8b 7a 08
0x00007fee98305684:   e9 6d ff ff ff 0f 1f 80 00 00 00 00 e8 5b 48 0a
0x00007fee98305694:   00 84 c0 75 89 e9 6a ff ff ff 66 90 55 48 89 e5
0x00007fee983056a4:   41 56 41 55 41 54 49 89 fc 53 48 89 f3 66 48 8d
0x00007fee983056b4:   3d 27 5e 85 00 66 66 48 e8 df 43 8d ff 4c 8b 28
0x00007fee983056c4:   8b 05 be 72 8a 00 85 c0 75 14 ba 01 00 00 00 48
0x00007fee983056d4:   8d 0d ae 72 8a 00 f0 0f b1 11 85 c0 74 4e be c8
0x00007fee983056e4:   00 00 00 4c 89 ef e8 01 0b 41 00 48 8d 05 12 ac
0x00007fee983056f4:   85 00 49 89 d8 48 8d 0d e8 aa 53 00 ba 49 06 00
0x00007fee98305704:   00 48 8d 35 3c 35 58 00 bf 00 00 00 e0 48 8b 00
0x00007fee98305714:   c6 00 58 31 c0 e8 e2 91 c6 ff 5b 41 5c 41 5d 41
0x00007fee98305724:   5e 5d e9 55 34 26 00 0f 1f 44 00 00 48 8d 05 81
0x00007fee98305734:   a3 8b 00 48 89 df 4c 8b 30 e8 9e 43 8d ff 48 89
0x00007fee98305744:   de 48 89 c2 49 8b 06 4c 89 f7 ff 50 08 4c 89 f7
0x00007fee98305754:   e8 a7 5c 27 00 4d 85 e4 74 12 be 01 00 00 00 4c
0x00007fee98305764:   89 e7 e8 35 43 fc ff eb 82 0f 1f 00 be 01 00 00
0x00007fee98305774:   00 4c 89 ef e8 d3 fd ff ff e9 6d ff ff ff 66 66
0x00007fee98305784:   2e 0f 1f 84 00 00 00 00 00 0f 1f 00 55 48 89 e5
0x00007fee98305794:   41 57 41 56 41 55 41 54 53 48 81 ec 08 02 00 00
0x00007fee983057a4:   64 48 8b 04 25 28 00 00 00 48 89 45 c8 8b 07 83
0x00007fee983057b4:   f8 02 0f 84 11 04 00 00 4c 8b 6f 18 49 89 ff 49
0x00007fee983057c4:   89 f4 4d 85 ed 74 14 4c 89 ef e8 5d 57 22 00 41
0x00007fee983057d4:   8b 07 83 f8 02 0f 84 19 04 00 00 48 8d 1d 9a 06
0x00007fee983057e4:   8a 00 4c 8d 35 0b 3c 58 00 eb 38 90 48 85 d2 7f
0x00007fee983057f4:   0d 48 8d 05 b4 c0 85 00 48 83 38 00 7e 0e 41 8b
0x00007fee98305804:   77 2c 4c 89 f7 31 c0 e8 a0 b2 f7 ff 49 8b 7f 18 


Stack slot to memory mapping:
stack at sp + 0 slots: 0x00007fee94818940 is pointing into the stack for thread: 0x00007fee900b1990
stack at sp + 1 slots: 0x00007fee900b1990 is a thread
stack at sp + 2 slots: 0x00007fee9611e8c8 points into unknown readable memory: 0x65730018052dffff | ff ff 2d 05 18 00 73 65
stack at sp + 3 slots: 0x0000000800c417a0 is a pointer to class: 
jdk.vm.ci.services.Services {0x0000000800c417a0}
 - instance size:     2
 - klass size:        65
 - access:            public final synchronized 
 - state:             fully_initialized
 - name:              'jdk/vm/ci/services/Services'
 - super:             'java/lang/Object'
 - sub:               
 - arrays:            NULL
 - methods:           Array<T>(0x00007fee95043c10)
 - method ordering:   Array<T>(0x0000000800928960)
 - default_methods:   Array<T>(0x0000000000000000)
 - local interfaces:  Array<T>(0x00000008005ce810)
 - trans. interfaces: Array<T>(0x00000008005ce810)
 - constants:         constant pool [427] {0x00007fee95042cf0} for 'jdk/vm/ci/services/Services' cache=0x00007fee95044ee0
 - class loader data:  loader data: 0x00007fee90027b90 of 'bootstrap'
 - source file:       'Services.java'
 - class annotations:       Array<T>(0x0000000000000000)
 - class type annotations:  Array<T>(0x0000000000000000)
 - field annotations:       Array<T>(0x0000000000000000)
 - field type annotations:  Array<T>(0x0000000000000000)
 - inner classes:     Array<T>(0x00007fee95044eb0)
 - nest members:     Array<T>(0x00007fee95044ed0)
 - permitted subclasses:     Array<T>(0x00000008005ce7a0)
 - java mirror:       a 'java/lang/Class'{0x00000000e02affd0} = 'jdk/vm/ci/services/Services'
 - vtable length      5  (start addr: 0x0000000800c41970)
 - itable length      2 (start addr: 0x0000000800c41998)
 - ---- static fields (3 words):
 - public static final 'IS_BUILDING_NATIVE_IMAGE' 'Z' @128 
 - public static final 'IS_IN_NATIVE_IMAGE' 'Z' @129 
 - private static volatile 'savedProperties' 'Ljava/util/Map;' @112 
 - static final 'JVMCI_ENABLED' 'Z' @130 
 - private static final 'servicesCache' 'Ljava/util/Map;' @116 
 - private static final 'MAX_UNICODE_IN_UTF8_LENGTH' 'I' @120 
 - private static final 'MAX_UTF8_PROPERTY_STRING_LENGTH' 'I' @124 
 - ---- non-static fields (0 words):
 - non-static oop maps: 
stack at sp + 4 slots: 0x00007fee94818500 is pointing into the stack for thread: 0x00007fee900b1990
stack at sp + 5 slots: 0x00007fee982d12fe: <offset 0x000000000093e2fe> in /nix/store/gpxl5qgg8kicmcvivwmybwjlpf7wh20l-graalvm17-ce-22.3.0/lib/server/libjvm.so at 0x00007fee97993000
stack at sp + 6 slots: 0x00007fee948183e0 is pointing into the stack for thread: 0x00007fee900b1990
stack at sp + 7 slots: 0x00007fee94818440 is pointing into the stack for thread: 0x00007fee900b1990


---------------  P R O C E S S  ---------------

Threads class SMR info:
_java_thread_list=0x00007fedf404c540, length=26, elements={
0x00007fee90025e30, 0x00007fee900a5c80, 0x00007fee900a70c0, 0x00007fee900ad800,
0x00007fee900aebb0, 0x00007fee900affa0, 0x00007fee900b1990, 0x00007fee900b2ea0,
0x00007fee900b3f00, 0x00007fee900d77f0, 0x00007fee9011f0c0, 0x00007fee902d56c0,
0x00007fee903355a0, 0x00007fee90338750, 0x00007fee2802be90, 0x00007fee2842d8c0,
0x00007fee2848ae70, 0x00007fee28616ec0, 0x00007fee286154b0, 0x00007fee18001300,
0x00007fee9036c950, 0x00007fee90408b20, 0x00007fee200ba390, 0x00007fee080e22b0,
0x00007fee080e5270, 0x00007fee140010d0
}

Java Threads: ( => current thread )
  0x00007fee90025e30 JavaThread "main" [_thread_blocked, id=65, stack(0x00007fee977ae000,0x00007fee978ae000)]
  0x00007fee900a5c80 JavaThread "Reference Handler" daemon [_thread_blocked, id=87, stack(0x00007fee94f00000,0x00007fee95000000)]
  0x00007fee900a70c0 JavaThread "Finalizer" daemon [_thread_blocked, id=88, stack(0x00007fee94e00000,0x00007fee94f00000)]
  0x00007fee900ad800 JavaThread "Signal Dispatcher" daemon [_thread_blocked, id=89, stack(0x00007fee94a1a000,0x00007fee94b1a000)]
  0x00007fee900aebb0 JavaThread "Service Thread" daemon [_thread_blocked, id=90, stack(0x00007fee9491a000,0x00007fee94a1a000)]
  0x00007fee900affa0 JavaThread "Monitor Deflation Thread" daemon [_thread_blocked, id=91, stack(0x00007fee9481a000,0x00007fee9491a000)]
=>0x00007fee900b1990 JavaThread "JVMCI-native CompilerThread0" daemon [_thread_in_vm, id=92, stack(0x00007fee9461a000,0x00007fee9481a000)]
  0x00007fee900b2ea0 JavaThread "C1 CompilerThread0" daemon [_thread_blocked, id=94, stack(0x00007fee9441a000,0x00007fee9461a000)]
  0x00007fee900b3f00 JavaThread "Sweeper thread" daemon [_thread_blocked, id=100, stack(0x00007fee9431a000,0x00007fee9441a000)]
  0x00007fee900d77f0 JavaThread "Common-Cleaner" daemon [_thread_blocked, id=102, stack(0x00007fee9421a000,0x00007fee9431a000)]
  0x00007fee9011f0c0 JavaThread "Notification Thread" daemon [_thread_blocked, id=103, stack(0x00007fee9411a000,0x00007fee9421a000)]
  0x00007fee902d56c0 JavaThread "Active Thread: Equinox Container: 946da5e3-6f60-479e-8c46-88a1ce53c7e3" [_thread_blocked, id=120, stack(0x00007fee773b3000,0x00007fee774b3000)]
  0x00007fee903355a0 JavaThread "Framework Event Dispatcher: Equinox Container: 946da5e3-6f60-479e-8c46-88a1ce53c7e3" daemon [_thread_blocked, id=124, stack(0x00007fee74f00000,0x00007fee75000000)]
  0x00007fee90338750 JavaThread "Start Level: Equinox Container: 946da5e3-6f60-479e-8c46-88a1ce53c7e3" daemon [_thread_blocked, id=125, stack(0x00007fee74d00000,0x00007fee74e00000)]
  0x00007fee2802be90 JavaThread "SCR Component Actor" daemon [_thread_blocked, id=126, stack(0x00007fee74b00000,0x00007fee74c00000)]
  0x00007fee2842d8c0 JavaThread "Worker-JM" [_thread_blocked, id=136, stack(0x00007fee74700000,0x00007fee74800000)]
  0x00007fee2848ae70 JavaThread "Worker-0" [_thread_blocked, id=142, stack(0x00007fee74500000,0x00007fee74600000)]
  0x00007fee28616ec0 JavaThread "Java indexing" daemon [_thread_blocked, id=144, stack(0x00007fee74100000,0x00007fee74200000)]
  0x00007fee286154b0 JavaThread "Bundle File Closer" daemon [_thread_blocked, id=147, stack(0x00007fee3ed00000,0x00007fee3ee00000)]
  0x00007fee18001300 JavaThread "Worker-2: Compacting resource model" [_thread_blocked, id=157, stack(0x00007fee74900000,0x00007fee74a00000)]
  0x00007fee9036c950 JavaThread "pool-3-thread-1" [_thread_blocked, id=158, stack(0x00007fee3eb00000,0x00007fee3ec00000)]
  0x00007fee90408b20 JavaThread "pool-2-thread-1" [_thread_blocked, id=165, stack(0x00007fee3e900000,0x00007fee3ea00000)]
  0x00007fee200ba390 JavaThread "Worker-5: Java indexing... " [_thread_blocked, id=188, stack(0x00007fee3e100000,0x00007fee3e200000)]
  0x00007fee080e22b0 JavaThread "Thread-10" [_thread_blocked, id=483, stack(0x00007fee74300000,0x00007fee74400000)]
  0x00007fee080e5270 JavaThread "Thread-14" [_thread_blocked, id=555, stack(0x00007fee3e800000,0x00007fee3e900000)]
  0x00007fee140010d0 JavaThread "Worker-6" [_thread_blocked, id=566, stack(0x00007fee3e500000,0x00007fee3e600000)]

Other Threads:
  0x00007fee900a13c0 VMThread "VM Thread" [stack: 0x00007fee958c7000,0x00007fee959c7000] [id=86] _threads_hazard_ptr=0x00007fedf404c540
  0x00007fee90120a60 WatcherThread [stack: 0x00007fee9401a000,0x00007fee9411a000] [id=104]
  0x00007fee9003d730 GCTaskThread "GC Thread#0" [stack: 0x00007fee97371000,0x00007fee97471000] [id=85]

Threads with active compile tasks:
JVMCI-native CompilerThread0  1753275 10474       4       org.eclipse.osgi.internal.loader.ModuleClassLoader::loadClass (20 bytes)

VM state: synchronizing (normal execution)

VM Mutex/Monitor currently owned by a thread:  ([mutex/lock_event])
[0x00007fee90022f80] Threads_lock - owner thread: 0x00007fee900a13c0
[0x00007fee90023730] Heap_lock - owner thread: 0x00007fee28616ec0

OutOfMemory and StackOverflow Exception counts:
OutOfMemoryError java_heap_errors=22
LinkageErrors=64

Heap address: 0x00000000e0000000, size: 512 MB, Compressed Oops mode: 32-bit

CDS archive(s) mapped at: [0x0000000800000000-0x0000000800bc8000-0x0000000800bc8000), size 12353536, SharedBaseAddress: 0x0000000800000000, ArchiveRelocationMode: 0.
Compressed class space mapped at: 0x0000000800c00000-0x0000000840c00000, reserved size: 1073741824
Narrow klass base: 0x0000000800000000, Narrow klass shift: 0, Narrow klass range: 0x100000000

GC Precious Log:
 CPUs: 8 total, 1 available
 Memory: 1024M
 Large Page Support: Disabled
 NUMA Support: Disabled
 Compressed Oops: Enabled (32-bit)
 Alignments: Space 512K, Generation 512K, Heap 2M
 Heap Min Capacity: 100M
 Heap Initial Capacity: 100M
 Heap Max Capacity: 512M
 Pre-touch: Disabled
 Parallel Workers: 1

Heap:
 PSYoungGen      total 59392K, used 41329K [0x00000000f5580000, 0x00000000fdd80000, 0x0000000100000000)
  eden space 35840K, 99% used [0x00000000f5580000,0x00000000f787fff8,0x00000000f7880000)
  from space 23552K, 23% used [0x00000000faa80000,0x00000000fafdc4c8,0x00000000fc180000)
  to   space 51200K, 0% used [0x00000000f7880000,0x00000000f7880000,0x00000000faa80000)
 ParOldGen       total 349696K, used 349695K [0x00000000e0000000, 0x00000000f5580000, 0x00000000f5580000)
  object space 349696K, 99% used [0x00000000e0000000,0x00000000f557fff0,0x00000000f5580000)
 Metaspace       used 59486K, committed 60608K, reserved 1105920K
  class space    used 5793K, committed 6272K, reserved 1048576K

Card table byte_map: [0x00007fee97471000,0x00007fee97572000] _byte_map_base: 0x00007fee96d71000

Marking Bits: (ParMarkBitMap*) 0x00007fee98bc14c0
 Begin Bits: [0x00007fee962c4000, 0x00007fee96ac4000)
 End Bits:   [0x00007fee96ac4000, 0x00007fee972c4000)

Polling page: 0x00007fee9778b000

Metaspace:

Usage:
  Non-class:     52.43 MB used.
      Class:      5.66 MB used.
       Both:     58.09 MB used.

Virtual space:
  Non-class space:       56.00 MB reserved,      53.06 MB ( 95%) committed,  7 nodes.
      Class space:        1.00 GB reserved,       6.12 MB ( <1%) committed,  1 nodes.
             Both:        1.05 GB reserved,      59.19 MB (  5%) committed. 

Chunk freelists:
   Non-Class:  3.01 MB
       Class:  1.94 MB
        Both:  4.95 MB

MaxMetaspaceSize: unlimited
CompressedClassSpaceSize: 1.00 GB
Initial GC threshold: 21.00 MB
Current GC threshold: 98.44 MB
CDS: on
MetaspaceReclaimPolicy: balanced
 - commit_granule_bytes: 65536.
 - commit_granule_words: 8192.
 - virtual_space_node_default_size: 1048576.
 - enlarge_chunks_in_place: 1.
 - new_chunks_are_fully_committed: 0.
 - uncommit_free_chunks: 1.
 - use_allocation_guard: 0.
 - handle_deallocations: 1.


Internal statistics:

num_allocs_failed_limit: 6.
num_arena_births: 510.
num_arena_deaths: 156.
num_vsnodes_births: 8.
num_vsnodes_deaths: 0.
num_space_committed: 946.
num_space_uncommitted: 0.
num_chunks_returned_to_freelist: 222.
num_chunks_taken_from_freelist: 2856.
num_chunk_merges: 86.
num_chunk_splits: 1842.
num_chunks_enlarged: 1132.
num_purges: 24.
num_inconsistent_stats: 0.

CodeHeap 'non-profiled nmethods': size=120036Kb used=2655Kb max_used=2917Kb free=117380Kb
 bounds [0x00007fee7ef7a000, 0x00007fee7f25a000, 0x00007fee864b3000]
CodeHeap 'profiled nmethods': size=120032Kb used=14844Kb max_used=17726Kb free=105187Kb
 bounds [0x00007fee77a42000, 0x00007fee78ba2000, 0x00007fee7ef7a000]
CodeHeap 'non-nmethods': size=5692Kb used=1382Kb max_used=1393Kb free=4309Kb
 bounds [0x00007fee774b3000, 0x00007fee77723000, 0x00007fee77a42000]
 total_blobs=7744 nmethods=7032 adapters=612
 compilation: enabled
              stopped_count=0, restarted_count=0
 full_count=0

JVMCI Events (20 events):
Event: 1270.131 Thread 0x00007fee900b1990 compacted oop handles in JVMCI runtime 0 from 42 to 42
Event: 1270.131 Thread 0x00007fee900b1990 releasing handles for JVMCI runtime 0: oop handles=42, metadata handles={total=87, live=76, blocks=36}
Event: 1270.131 Thread 0x00007fee900b1990 detached from JVMCI runtime 0
Event: 1417.808 Thread 0x00007fee900b1990 attached to JVMCI runtime 0
Event: 1417.810 Thread 0x00007fee900b1990 created JavaVM[6]@0x00007fee3db9e340 for JVMCI runtime 0
Event: 1419.500 Thread 0x00007fee900b1990 initializing JVMCI runtime 0
Event: 1419.500 Thread 0x00007fee900b1990 done waiting for JavaVM references initialization in JVMCI runtime 0
Event: 1516.604 Thread 0x00007fee900b1990 initialized JVMCI runtime 0
Event: 1589.319 Thread 0x00007fee900b1990 compacted oop handles in JVMCI runtime 0 from 52 to 49
Event: 1590.946 Thread 0x00007fee900b1990 detaching from JVMCI runtime 0: releasing idle compiler thread (0 other threads still attached)
Event: 1590.946 Thread 0x00007fee900b1990 shutting down HotSpotJVMCIRuntime for JVMCI runtime 0
Event: 1590.946 Thread 0x00007fee900b1990 shut down JVMCI runtime 0
Event: 1592.534 Thread 0x00007fee900b1990 destroyed JavaVM[6]@0x00007fee3db9e340 for JVMCI runtime 0
Event: 1592.534 Thread 0x00007fee900b1990 compacted oop handles in JVMCI runtime 0 from 49 to 49
Event: 1592.534 Thread 0x00007fee900b1990 releasing handles for JVMCI runtime 0: oop handles=49, metadata handles={total=96, live=93, blocks=36}
Event: 1592.534 Thread 0x00007fee900b1990 detached from JVMCI runtime 0
Event: 1608.831 Thread 0x00007fee900b1990 attached to JVMCI runtime 0
Event: 1608.833 Thread 0x00007fee900b1990 created JavaVM[7]@0x00007fee3db9e340 for JVMCI runtime 0
Event: 1610.500 Thread 0x00007fee900b1990 initializing JVMCI runtime 0
Event: 1610.500 Thread 0x00007fee900b1990 done waiting for JavaVM references initialization in JVMCI runtime 0

Compilation events (20 events):
Event: 1423.332 Thread 0x00007fee900b2ea0 10467       3       jdk.internal.reflect.ClassFileAssembler::opc_new (16 bytes)
Event: 1423.333 Thread 0x00007fee900b2ea0 nmethod 10467 0x00007fee77fdaf10 code [0x00007fee77fdb120, 0x00007fee77fdb680]
Event: 1423.333 Thread 0x00007fee900b2ea0 10468       3       jdk.internal.reflect.ByteVectorFactory::create (8 bytes)
Event: 1423.333 Thread 0x00007fee900b2ea0 nmethod 10468 0x00007fee77a55890 code [0x00007fee77a55a40, 0x00007fee77a55d70]
Event: 1423.333 Thread 0x00007fee900b2ea0 10469       3       jdk.internal.reflect.ByteVectorImpl::<init> (7 bytes)
Event: 1423.333 Thread 0x00007fee900b2ea0 nmethod 10469 0x00007fee77de5710 code [0x00007fee77de58c0, 0x00007fee77de5b50]
Event: 1423.333 Thread 0x00007fee900b2ea0 10470       3       jdk.internal.reflect.ByteVectorImpl::<init> (17 bytes)
Event: 1423.333 Thread 0x00007fee900b2ea0 nmethod 10470 0x00007fee77ec6e10 code [0x00007fee77ec6fc0, 0x00007fee77ec71f0]
Event: 1423.333 Thread 0x00007fee900b2ea0 10471       3       jdk.internal.reflect.ClassFileAssembler::<init> (30 bytes)
Event: 1423.333 Thread 0x00007fee900b2ea0 nmethod 10471 0x00007fee781dd790 code [0x00007fee781dd940, 0x00007fee781ddad0]
Event: 1425.331 Thread 0x00007fee900b2ea0 10472       3       java.lang.invoke.Invokers$Holder::linkToTargetMethod (11 bytes)
Event: 1429.037 Thread 0x00007fee900b2ea0 nmethod 10472 0x00007fee77a85d10 code [0x00007fee77a85ec0, 0x00007fee77a86250]
Event: 1564.013 Thread 0x00007fee900b2ea0 10473       3       org.eclipse.core.internal.jobs.InternalJob::remove (48 bytes)
Event: 1564.013 Thread 0x00007fee900b2ea0 nmethod 10473 0x00007fee780e3710 code [0x00007fee780e38c0, 0x00007fee780e3af0]
Event: 1589.319 Thread 0x00007fee900b1990 nmethod 10466 0x00007fee7f082910 code [0x00007fee7f082ae0, 0x00007fee7f083718]
Event: 1608.831 Thread 0x00007fee900b1990 10474       4       org.eclipse.osgi.internal.loader.ModuleClassLoader::loadClass (20 bytes)
Event: 1608.831 Thread 0x00007fee900b2ea0 10475       1       org.eclipse.core.runtime.Status::getPlugin (5 bytes)
Event: 1608.831 Thread 0x00007fee900b2ea0 nmethod 10475 0x00007fee7efac690 code [0x00007fee7efac820, 0x00007fee7efac8f0]
Event: 1684.601 Thread 0x00007fee900b2ea0 10476       3       java.util.concurrent.ScheduledThreadPoolExecutor$ScheduledFutureTask::getDelay (16 bytes)
Event: 1686.277 Thread 0x00007fee900b2ea0 nmethod 10476 0x00007fee781f8490 code [0x00007fee781f8640, 0x00007fee781f87c0]

GC Heap History (20 events):
Event: 1736.819 GC heap before
{Heap before GC invocations=929 (full 840):
 PSYoungGen      total 59392K, used 41329K [0x00000000f5580000, 0x00000000fdd80000, 0x0000000100000000)
  eden space 35840K, 99% used [0x00000000f5580000,0x00000000f787ffe0,0x00000000f7880000)
  from space 23552K, 23% used [0x00000000faa80000,0x00000000fafdc4c8,0x00000000fc180000)
  to   space 51200K, 0% used [0x00000000f7880000,0x00000000f7880000,0x00000000faa80000)
 ParOldGen       total 349696K, used 349695K [0x00000000e0000000, 0x00000000f5580000, 0x00000000f5580000)
  object space 349696K, 99% used [0x00000000e0000000,0x00000000f557ff38,0x00000000f5580000)
 Metaspace       used 59486K, committed 60608K, reserved 1105920K
  class space    used 5793K, committed 6272K, reserved 1048576K
}
Event: 1738.322 GC heap after
{Heap after GC invocations=929 (full 840):
 PSYoungGen      total 59392K, used 41329K [0x00000000f5580000, 0x00000000fdd80000, 0x0000000100000000)
  eden space 35840K, 99% used [0x00000000f5580000,0x00000000f787ffe0,0x00000000f7880000)
  from space 23552K, 23% used [0x00000000faa80000,0x00000000fafdc4c8,0x00000000fc180000)
  to   space 51200K, 0% used [0x00000000f7880000,0x00000000f7880000,0x00000000faa80000)
 ParOldGen       total 349696K, used 349695K [0x00000000e0000000, 0x00000000f5580000, 0x00000000f5580000)
  object space 349696K, 99% used [0x00000000e0000000,0x00000000f557ff38,0x00000000f5580000)
 Metaspace       used 59486K, committed 60608K, reserved 1105920K
  class space    used 5793K, committed 6272K, reserved 1048576K
}
Event: 1738.322 GC heap before
{Heap before GC invocations=930 (full 841):
 PSYoungGen      total 59392K, used 41329K [0x00000000f5580000, 0x00000000fdd80000, 0x0000000100000000)
  eden space 35840K, 99% used [0x00000000f5580000,0x00000000f787ffe0,0x00000000f7880000)
  from space 23552K, 23% used [0x00000000faa80000,0x00000000fafdc4c8,0x00000000fc180000)
  to   space 51200K, 0% used [0x00000000f7880000,0x00000000f7880000,0x00000000faa80000)
 ParOldGen       total 349696K, used 349695K [0x00000000e0000000, 0x00000000f5580000, 0x00000000f5580000)
  object space 349696K, 99% used [0x00000000e0000000,0x00000000f557ff38,0x00000000f5580000)
 Metaspace       used 59486K, committed 60608K, reserved 1105920K
  class space    used 5793K, committed 6272K, reserved 1048576K
}
Event: 1739.981 GC heap after
{Heap after GC invocations=930 (full 841):
 PSYoungGen      total 59392K, used 41329K [0x00000000f5580000, 0x00000000fdd80000, 0x0000000100000000)
  eden space 35840K, 99% used [0x00000000f5580000,0x00000000f787ffe0,0x00000000f7880000)
  from space 23552K, 23% used [0x00000000faa80000,0x00000000fafdc4c8,0x00000000fc180000)
  to   space 51200K, 0% used [0x00000000f7880000,0x00000000f7880000,0x00000000faa80000)
 ParOldGen       total 349696K, used 349695K [0x00000000e0000000, 0x00000000f5580000, 0x00000000f5580000)
  object space 349696K, 99% used [0x00000000e0000000,0x00000000f557ff38,0x00000000f5580000)
 Metaspace       used 59486K, committed 60608K, reserved 1105920K
  class space    used 5793K, committed 6272K, reserved 1048576K
}
Event: 1739.981 GC heap before
{Heap before GC invocations=931 (full 842):
 PSYoungGen      total 59392K, used 41329K [0x00000000f5580000, 0x00000000fdd80000, 0x0000000100000000)
  eden space 35840K, 100% used [0x00000000f5580000,0x00000000f7880000,0x00000000f7880000)
  from space 23552K, 23% used [0x00000000faa80000,0x00000000fafdc4c8,0x00000000fc180000)
  to   space 51200K, 0% used [0x00000000f7880000,0x00000000f7880000,0x00000000faa80000)
 ParOldGen       total 349696K, used 349695K [0x00000000e0000000, 0x00000000f5580000, 0x00000000f5580000)
  object space 349696K, 99% used [0x00000000e0000000,0x00000000f557ffd0,0x00000000f5580000)
 Metaspace       used 59486K, committed 60608K, reserved 1105920K
  class space    used 5793K, committed 6272K, reserved 1048576K
}
Event: 1741.582 GC heap after
{Heap after GC invocations=931 (full 842):
 PSYoungGen      total 59392K, used 41329K [0x00000000f5580000, 0x00000000fdd80000, 0x0000000100000000)
  eden space 35840K, 99% used [0x00000000f5580000,0x00000000f787ffb0,0x00000000f7880000)
  from space 23552K, 23% used [0x00000000faa80000,0x00000000fafdc4c8,0x00000000fc180000)
  to   space 51200K, 0% used [0x00000000f7880000,0x00000000f7880000,0x00000000faa80000)
 ParOldGen       total 349696K, used 349695K [0x00000000e0000000, 0x00000000f5580000, 0x00000000f5580000)
  object space 349696K, 99% used [0x00000000e0000000,0x00000000f557ff70,0x00000000f5580000)
 Metaspace       used 59486K, committed 60608K, reserved 1105920K
  class space    used 5793K, committed 6272K, reserved 1048576K
}
Event: 1741.583 GC heap before
{Heap before GC invocations=932 (full 843):
 PSYoungGen      total 59392K, used 41329K [0x00000000f5580000, 0x00000000fdd80000, 0x0000000100000000)
  eden space 35840K, 100% used [0x00000000f5580000,0x00000000f7880000,0x00000000f7880000)
  from space 23552K, 23% used [0x00000000faa80000,0x00000000fafdc4c8,0x00000000fc180000)
  to   space 51200K, 0% used [0x00000000f7880000,0x00000000f7880000,0x00000000faa80000)
 ParOldGen       total 349696K, used 349695K [0x00000000e0000000, 0x00000000f5580000, 0x00000000f5580000)
  object space 349696K, 99% used [0x00000000e0000000,0x00000000f557ff70,0x00000000f5580000)
 Metaspace       used 59486K, committed 60608K, reserved 1105920K
  class space    used 5793K, committed 6272K, reserved 1048576K
}
Event: 1743.304 GC heap after
{Heap after GC invocations=932 (full 843):
 PSYoungGen      total 59392K, used 41329K [0x00000000f5580000, 0x00000000fdd80000, 0x0000000100000000)
  eden space 35840K, 100% used [0x00000000f5580000,0x00000000f7880000,0x00000000f7880000)
  from space 23552K, 23% used [0x00000000faa80000,0x00000000fafdc4c8,0x00000000fc180000)
  to   space 51200K, 0% used [0x00000000f7880000,0x00000000f7880000,0x00000000faa80000)
 ParOldGen       total 349696K, used 349695K [0x00000000e0000000, 0x00000000f5580000, 0x00000000f5580000)
  object space 349696K, 99% used [0x00000000e0000000,0x00000000f557ff50,0x00000000f5580000)
 Metaspace       used 59486K, committed 60608K, reserved 1105920K
  class space    used 5793K, committed 6272K, reserved 1048576K
}
Event: 1743.305 GC heap before
{Heap before GC invocations=933 (full 844):
 PSYoungGen      total 59392K, used 41329K [0x00000000f5580000, 0x00000000fdd80000, 0x0000000100000000)
  eden space 35840K, 100% used [0x00000000f5580000,0x00000000f7880000,0x00000000f7880000)
  from space 23552K, 23% used [0x00000000faa80000,0x00000000fafdc4c8,0x00000000fc180000)
  to   space 51200K, 0% used [0x00000000f7880000,0x00000000f7880000,0x00000000faa80000)
 ParOldGen       total 349696K, used 349695K [0x00000000e0000000, 0x00000000f5580000, 0x00000000f5580000)
  object space 349696K, 99% used [0x00000000e0000000,0x00000000f557fff8,0x00000000f5580000)
 Metaspace       used 59486K, committed 60608K, reserved 1105920K
  class space    used 5793K, committed 6272K, reserved 1048576K
}
Event: 1745.005 GC heap after
{Heap after GC invocations=933 (full 844):
 PSYoungGen      total 59392K, used 41329K [0x00000000f5580000, 0x00000000fdd80000, 0x0000000100000000)
  eden space 35840K, 99% used [0x00000000f5580000,0x00000000f787ffc8,0x00000000f7880000)
  from space 23552K, 23% used [0x00000000faa80000,0x00000000fafdc4c8,0x00000000fc180000)
  to   space 51200K, 0% used [0x00000000f7880000,0x00000000f7880000,0x00000000faa80000)
 ParOldGen       total 349696K, used 349695K [0x00000000e0000000, 0x00000000f5580000, 0x00000000f5580000)
  object space 349696K, 99% used [0x00000000e0000000,0x00000000f557ff88,0x00000000f5580000)
 Metaspace       used 59486K, committed 60608K, reserved 1105920K
  class space    used 5793K, committed 6272K, reserved 1048576K
}
Event: 1745.005 GC heap before
{Heap before GC invocations=934 (full 845):
 PSYoungGen      total 59392K, used 41329K [0x00000000f5580000, 0x00000000fdd80000, 0x0000000100000000)
  eden space 35840K, 99% used [0x00000000f5580000,0x00000000f787fff8,0x00000000f7880000)
  from space 23552K, 23% used [0x00000000faa80000,0x00000000fafdc4c8,0x00000000fc180000)
  to   space 51200K, 0% used [0x00000000f7880000,0x00000000f7880000,0x00000000faa80000)
 ParOldGen       total 349696K, used 349695K [0x00000000e0000000, 0x00000000f5580000, 0x00000000f5580000)
  object space 349696K, 99% used [0x00000000e0000000,0x00000000f557ff88,0x00000000f5580000)
 Metaspace       used 59486K, committed 60608K, reserved 1105920K
  class space    used 5793K, committed 6272K, reserved 1048576K
}
Event: 1746.599 GC heap after
{Heap after GC invocations=934 (full 845):
 PSYoungGen      total 59392K, used 41329K [0x00000000f5580000, 0x00000000fdd80000, 0x0000000100000000)
  eden space 35840K, 99% used [0x00000000f5580000,0x00000000f787ffe0,0x00000000f7880000)
  from space 23552K, 23% used [0x00000000faa80000,0x00000000fafdc4c8,0x00000000fc180000)
  to   space 51200K, 0% used [0x00000000f7880000,0x00000000f7880000,0x00000000faa80000)
 ParOldGen       total 349696K, used 349695K [0x00000000e0000000, 0x00000000f5580000, 0x00000000f5580000)
  object space 349696K, 99% used [0x00000000e0000000,0x00000000f557ff88,0x00000000f5580000)
 Metaspace       used 59486K, committed 60608K, reserved 1105920K
  class space    used 5793K, committed 6272K, reserved 1048576K
}
Event: 1746.599 GC heap before
{Heap before GC invocations=935 (full 846):
 PSYoungGen      total 59392K, used 41329K [0x00000000f5580000, 0x00000000fdd80000, 0x0000000100000000)
  eden space 35840K, 99% used [0x00000000f5580000,0x00000000f787fff8,0x00000000f7880000)
  from space 23552K, 23% used [0x00000000faa80000,0x00000000fafdc4c8,0x00000000fc180000)
  to   space 51200K, 0% used [0x00000000f7880000,0x00000000f7880000,0x00000000faa80000)
 ParOldGen       total 349696K, used 349695K [0x00000000e0000000, 0x00000000f5580000, 0x00000000f5580000)
  object space 349696K, 99% used [0x00000000e0000000,0x00000000f557ff88,0x00000000f5580000)
 Metaspace       used 59486K, committed 60608K, reserved 1105920K
  class space    used 5793K, committed 6272K, reserved 1048576K
}
Event: 1748.309 GC heap after
{Heap after GC invocations=935 (full 846):
 PSYoungGen      total 59392K, used 41329K [0x00000000f5580000, 0x00000000fdd80000, 0x0000000100000000)
  eden space 35840K, 99% used [0x00000000f5580000,0x00000000f787fff8,0x00000000f7880000)
  from space 23552K, 23% used [0x00000000faa80000,0x00000000fafdc4c8,0x00000000fc180000)
  to   space 51200K, 0% used [0x00000000f7880000,0x00000000f7880000,0x00000000faa80000)
 ParOldGen       total 349696K, used 349695K [0x00000000e0000000, 0x00000000f5580000, 0x00000000f5580000)
  object space 349696K, 99% used [0x00000000e0000000,0x00000000f557ff88,0x00000000f5580000)
 Metaspace       used 59486K, committed 60608K, reserved 1105920K
  class space    used 5793K, committed 6272K, reserved 1048576K
}
Event: 1748.309 GC heap before
{Heap before GC invocations=936 (full 847):
 PSYoungGen      total 59392K, used 41329K [0x00000000f5580000, 0x00000000fdd80000, 0x0000000100000000)
  eden space 35840K, 99% used [0x00000000f5580000,0x00000000f787fff8,0x00000000f7880000)
  from space 23552K, 23% used [0x00000000faa80000,0x00000000fafdc4c8,0x00000000fc180000)
  to   space 51200K, 0% used [0x00000000f7880000,0x00000000f7880000,0x00000000faa80000)
 ParOldGen       total 349696K, used 349696K [0x00000000e0000000, 0x00000000f5580000, 0x00000000f5580000)
  object space 349696K, 100% used [0x00000000e0000000,0x00000000f5580000,0x00000000f5580000)
 Metaspace       used 59486K, committed 60608K, reserved 1105920K
  class space    used 5793K, committed 6272K, reserved 1048576K
}
Event: 1749.920 GC heap after
{Heap after GC invocations=936 (full 847):
 PSYoungGen      total 59392K, used 41329K [0x00000000f5580000, 0x00000000fdd80000, 0x0000000100000000)
  eden space 35840K, 99% used [0x00000000f5580000,0x00000000f787fff8,0x00000000f7880000)
  from space 23552K, 23% used [0x00000000faa80000,0x00000000fafdc4c8,0x00000000fc180000)
  to   space 51200K, 0% used [0x00000000f7880000,0x00000000f7880000,0x00000000faa80000)
 ParOldGen       total 349696K, used 349695K [0x00000000e0000000, 0x00000000f5580000, 0x00000000f5580000)
  object space 349696K, 99% used [0x00000000e0000000,0x00000000f557ff78,0x00000000f5580000)
 Metaspace       used 59486K, committed 60608K, reserved 1105920K
  class space    used 5793K, committed 6272K, reserved 1048576K
}
Event: 1749.920 GC heap before
{Heap before GC invocations=937 (full 848):
 PSYoungGen      total 59392K, used 41329K [0x00000000f5580000, 0x00000000fdd80000, 0x0000000100000000)
  eden space 35840K, 99% used [0x00000000f5580000,0x00000000f787fff8,0x00000000f7880000)
  from space 23552K, 23% used [0x00000000faa80000,0x00000000fafdc4c8,0x00000000fc180000)
  to   space 51200K, 0% used [0x00000000f7880000,0x00000000f7880000,0x00000000faa80000)
 ParOldGen       total 349696K, used 349695K [0x00000000e0000000, 0x00000000f5580000, 0x00000000f5580000)
  object space 349696K, 99% used [0x00000000e0000000,0x00000000f557ffe8,0x00000000f5580000)
 Metaspace       used 59486K, committed 60608K, reserved 1105920K
  class space    used 5793K, committed 6272K, reserved 1048576K
}
Event: 1751.615 GC heap after
{Heap after GC invocations=937 (full 848):
 PSYoungGen      total 59392K, used 41329K [0x00000000f5580000, 0x00000000fdd80000, 0x0000000100000000)
  eden space 35840K, 99% used [0x00000000f5580000,0x00000000f787fff8,0x00000000f7880000)
  from space 23552K, 23% used [0x00000000faa80000,0x00000000fafdc4c8,0x00000000fc180000)
  to   space 51200K, 0% used [0x00000000f7880000,0x00000000f7880000,0x00000000faa80000)
 ParOldGen       total 349696K, used 349695K [0x00000000e0000000, 0x00000000f5580000, 0x00000000f5580000)
  object space 349696K, 99% used [0x00000000e0000000,0x00000000f557ff78,0x00000000f5580000)
 Metaspace       used 59486K, committed 60608K, reserved 1105920K
  class space    used 5793K, committed 6272K, reserved 1048576K
}
Event: 1751.615 GC heap before
{Heap before GC invocations=938 (full 849):
 PSYoungGen      total 59392K, used 41329K [0x00000000f5580000, 0x00000000fdd80000, 0x0000000100000000)
  eden space 35840K, 99% used [0x00000000f5580000,0x00000000f787fff8,0x00000000f7880000)
  from space 23552K, 23% used [0x00000000faa80000,0x00000000fafdc4c8,0x00000000fc180000)
  to   space 51200K, 0% used [0x00000000f7880000,0x00000000f7880000,0x00000000faa80000)
 ParOldGen       total 349696K, used 349695K [0x00000000e0000000, 0x00000000f5580000, 0x00000000f5580000)
  object space 349696K, 99% used [0x00000000e0000000,0x00000000f557ff78,0x00000000f5580000)
 Metaspace       used 59486K, committed 60608K, reserved 1105920K
  class space    used 5793K, committed 6272K, reserved 1048576K
}
Event: 1753.129 GC heap after
{Heap after GC invocations=938 (full 849):
 PSYoungGen      total 59392K, used 41329K [0x00000000f5580000, 0x00000000fdd80000, 0x0000000100000000)
  eden space 35840K, 99% used [0x00000000f5580000,0x00000000f787fff8,0x00000000f7880000)
  from space 23552K, 23% used [0x00000000faa80000,0x00000000fafdc4c8,0x00000000fc180000)
  to   space 51200K, 0% used [0x00000000f7880000,0x00000000f7880000,0x00000000faa80000)
 ParOldGen       total 349696K, used 349695K [0x00000000e0000000, 0x00000000f5580000, 0x00000000f5580000)
  object space 349696K, 99% used [0x00000000e0000000,0x00000000f557ff78,0x00000000f5580000)
 Metaspace       used 59486K, committed 60608K, reserved 1105920K
  class space    used 5793K, committed 6272K, reserved 1048576K
}

Dll operation events (9 events):
Event: 0.012 Loaded shared library /nix/store/gpxl5qgg8kicmcvivwmybwjlpf7wh20l-graalvm17-ce-22.3.0/lib/libjava.so
Event: 0.032 Loaded shared library /nix/store/gpxl5qgg8kicmcvivwmybwjlpf7wh20l-graalvm17-ce-22.3.0/lib/libjsvml.so
Event: 0.855 Loaded shared library /nix/store/gpxl5qgg8kicmcvivwmybwjlpf7wh20l-graalvm17-ce-22.3.0/lib/libnio.so
Event: 0.916 Loaded shared library /nix/store/gpxl5qgg8kicmcvivwmybwjlpf7wh20l-graalvm17-ce-22.3.0/lib/libzip.so
Event: 0.922 Loaded shared library /nix/store/gpxl5qgg8kicmcvivwmybwjlpf7wh20l-graalvm17-ce-22.3.0/lib/libjvmcicompiler.so
Event: 1.687 Loaded shared library /nix/store/gpxl5qgg8kicmcvivwmybwjlpf7wh20l-graalvm17-ce-22.3.0/lib/libjimage.so
Event: 4.507 Loaded shared library /nix/store/gpxl5qgg8kicmcvivwmybwjlpf7wh20l-graalvm17-ce-22.3.0/lib/libnet.so
Event: 6.712 Loaded shared library /home/runner/Assignment01DS/.cache/jdt-language-server/config/org.eclipse.equinox.launcher/org.eclipse.equinox.launcher.gtk.linux.x86_64_1.2.400.v20211117-0650/eclipse_11600.so
Event: 21.079 Loaded shared library /nix/store/gpxl5qgg8kicmcvivwmybwjlpf7wh20l-graalvm17-ce-22.3.0/lib/libextnet.so

Deoptimization events (20 events):
Event: 1694.399 Thread 0x00007fee28616ec0 Uncommon trap: trap_request=0xffffff8f fr.pc=0x00007fee7f227e14 relative=0x0000000000000274
Event: 1694.399 Thread 0x00007fee28616ec0 Uncommon trap: reason=constraint action=none pc=0x00007fee7f227e14 method=org.eclipse.jdt.internal.core.index.DiskIndex$IntList.add(I)V @ 0 jvmci
Event: 1697.517 Thread 0x00007fee28616ec0 DEOPT PACKING pc=0x00007fee7f227e14 sp=0x00007fee741fe500
Event: 1697.518 Thread 0x00007fee28616ec0 DEOPT UNPACKING pc=0x00007fee77505325 sp=0x00007fee741fd9a0 mode 3
Event: 1697.518 Thread 0x00007fee2842d8c0 Uncommon trap: trap_request=0xffffff8f fr.pc=0x00007fee7f046c77 relative=0x00000000000000d7
Event: 1697.518 Thread 0x00007fee2842d8c0 Uncommon trap: reason=constraint action=none pc=0x00007fee7f046c77 method=java.util.ArrayList.iterator()Ljava/util/Iterator; @ 0 jvmci
Event: 1697.518 Thread 0x00007fee2842d8c0 DEOPT PACKING pc=0x00007fee7f046c77 sp=0x00007fee747fe910
Event: 1697.518 Thread 0x00007fee2842d8c0 DEOPT UNPACKING pc=0x00007fee77505325 sp=0x00007fee747fddb8 mode 3
Event: 1715.325 Thread 0x00007fee2842d8c0 Uncommon trap: trap_request=0xffffff8f fr.pc=0x00007fee7efaf755 relative=0x0000000000000435
Event: 1715.325 Thread 0x00007fee2842d8c0 Uncommon trap: reason=constraint action=none pc=0x00007fee7efaf755 method=java.lang.StringBuilder.append(Ljava/lang/String;)Ljava/lang/StringBuilder; @ 0 jvmci
Event: 1718.686 Thread 0x00007fee2842d8c0 DEOPT PACKING pc=0x00007fee7efaf755 sp=0x00007fee747fe7f0
Event: 1718.686 Thread 0x00007fee2842d8c0 DEOPT UNPACKING pc=0x00007fee77505325 sp=0x00007fee747fdcc8 mode 3
Event: 1721.806 Thread 0x00007fee2842d8c0 Uncommon trap: trap_request=0xffffff8f fr.pc=0x00007fee7efdd9ed relative=0x000000000000044d
Event: 1721.806 Thread 0x00007fee2842d8c0 Uncommon trap: reason=constraint action=none pc=0x00007fee7efdd9ed method=java.lang.AbstractStringBuilder.append(Ljava/lang/String;)Ljava/lang/AbstractStringBuilder; @ 0 jvmci
Event: 1721.806 Thread 0x00007fee2842d8c0 DEOPT PACKING pc=0x00007fee7efdd9ed sp=0x00007fee747fe780
Event: 1721.806 Thread 0x00007fee2842d8c0 DEOPT UNPACKING pc=0x00007fee77505325 sp=0x00007fee747fdc50 mode 3
Event: 1725.079 Thread 0x00007fee2842d8c0 Uncommon trap: trap_request=0xffffff8f fr.pc=0x00007fee7ef9a498 relative=0x0000000000000278
Event: 1725.079 Thread 0x00007fee2842d8c0 Uncommon trap: reason=constraint action=none pc=0x00007fee7ef9a498 method=java.lang.AbstractStringBuilder.ensureCapacityInternal(I)V @ 0 jvmci
Event: 1725.079 Thread 0x00007fee2842d8c0 DEOPT PACKING pc=0x00007fee7ef9a498 sp=0x00007fee747fe720
Event: 1725.079 Thread 0x00007fee2842d8c0 DEOPT UNPACKING pc=0x00007fee77505325 sp=0x00007fee747fdbd0 mode 3

Classes unloaded (20 events):
Event: 175.813 Thread 0x00007fee900a13c0 Unloading class 0x00000008010f9000 'jdk/internal/reflect/GeneratedSerializationConstructorAccessor7'
Event: 175.813 Thread 0x00007fee900a13c0 Unloading class 0x00000008010f8c00 'jdk/internal/reflect/GeneratedSerializationConstructorAccessor6'
Event: 175.813 Thread 0x00007fee900a13c0 Unloading class 0x00000008010f8800 'jdk/internal/reflect/GeneratedSerializationConstructorAccessor5'
Event: 175.813 Thread 0x00007fee900a13c0 Unloading class 0x00000008010f8400 'jdk/internal/reflect/GeneratedSerializationConstructorAccessor4'
Event: 175.813 Thread 0x00007fee900a13c0 Unloading class 0x00000008010c0400 'jdk/internal/reflect/GeneratedSerializationConstructorAccessor3'
Event: 175.813 Thread 0x00007fee900a13c0 Unloading class 0x000000080108c400 'jdk/internal/reflect/GeneratedSerializationConstructorAccessor2'
Event: 175.813 Thread 0x00007fee900a13c0 Unloading class 0x000000080108c000 'jdk/internal/reflect/GeneratedSerializationConstructorAccessor1'
Event: 196.337 Thread 0x00007fee900a13c0 Unloading class 0x00000008010e4c00 'jdk/internal/reflect/GeneratedMethodAccessor10'
Event: 196.337 Thread 0x00007fee900a13c0 Unloading class 0x00000008010e4800 'jdk/internal/reflect/GeneratedMethodAccessor9'
Event: 196.337 Thread 0x00007fee900a13c0 Unloading class 0x00000008010e4400 'jdk/internal/reflect/GeneratedMethodAccessor8'
Event: 196.337 Thread 0x00007fee900a13c0 Unloading class 0x00000008010e4000 'jdk/internal/reflect/GeneratedMethodAccessor7'
Event: 209.099 Thread 0x00007fee900a13c0 Unloading class 0x0000000801105400 'jdk/internal/reflect/GeneratedMethodAccessor12'
Event: 209.099 Thread 0x00007fee900a13c0 Unloading class 0x0000000801105000 'jdk/internal/reflect/GeneratedMethodAccessor11'
Event: 341.800 Thread 0x00007fee900a13c0 Unloading class 0x00000008010c0000 'jdk/internal/reflect/GeneratedConstructorAccessor29'
Event: 1380.026 Thread 0x00007fee900a13c0 Unloading class 0x0000000801106000 'jdk/internal/reflect/GeneratedSerializationConstructorAccessor38'
Event: 1496.200 Thread 0x00007fee900a13c0 Unloading class 0x00000008010f8400 'jdk/internal/reflect/GeneratedSerializationConstructorAccessor41'
Event: 1540.623 Thread 0x00007fee900a13c0 Unloading class 0x00000008010f9000 'jdk/internal/reflect/GeneratedSerializationConstructorAccessor39'
Event: 1540.623 Thread 0x00007fee900a13c0 Unloading class 0x0000000801108400 'jdk/internal/reflect/GeneratedSerializationConstructorAccessor37'
Event: 1540.623 Thread 0x00007fee900a13c0 Unloading class 0x0000000801111800 'jdk/internal/reflect/GeneratedSerializationConstructorAccessor36'
Event: 1573.516 Thread 0x00007fee900a13c0 Unloading class 0x0000000801106000 'jdk/internal/reflect/GeneratedSerializationConstructorAccessor40'

Classes redefined (0 events):
No events

Internal exceptions (20 events):
Event: 1673.008 Thread 0x00007fee900b1990 Implicit null exception at 0x00007fee7f131871 to 0x00007fee7f131969
Event: 1677.929 Thread 0x00007fee200ba390 Exception <a 'java/lang/OutOfMemoryError'{0x00000000e00bed80}> (0x00000000e00bed80) 
thrown [src/hotspot/share/gc/shared/memAllocator.cpp, line 138]
Event: 1677.929 Thread 0x00007fee200ba390 Implicit null exception at 0x00007fee7eff9da1 to 0x00007fee7eff9e0f
Event: 1682.938 Thread 0x00007fee20001420 Exception <a 'java/lang/OutOfMemoryError'{0x00000000e00bf0a0}> (0x00000000e00bf0a0) 
thrown [src/hotspot/share/gc/shared/memAllocator.cpp, line 136]
Event: 1694.399 Thread 0x00007fee28616ec0 Exception <a 'java/lang/OutOfMemoryError'{0x00000000e00bed80}> (0x00000000e00bed80) 
thrown [src/hotspot/share/gc/shared/memAllocator.cpp, line 138]
Event: 1694.399 Thread 0x00007fee28616ec0 Implicit null exception at 0x00007fee7f227d6d to 0x00007fee7f227df9
Event: 1697.518 Thread 0x00007fee2842d8c0 Exception <a 'java/lang/OutOfMemoryError'{0x00000000e00bed80}> (0x00000000e00bed80) 
thrown [src/hotspot/share/gc/shared/memAllocator.cpp, line 138]
Event: 1697.518 Thread 0x00007fee2842d8c0 Implicit null exception at 0x00007fee7f046c58 to 0x00007fee7f046c5c
Event: 1710.498 Thread 0x00007fee2842d8c0 Exception <a 'java/lang/OutOfMemoryError'{0x00000000e00bf0a0}> (0x00000000e00bf0a0) 
thrown [src/hotspot/share/gc/shared/memAllocator.cpp, line 136]
Event: 1715.325 Thread 0x00007fee2842d8c0 Exception <a 'java/lang/OutOfMemoryError'{0x00000000e00bed80}> (0x00000000e00bed80) 
thrown [src/hotspot/share/gc/shared/memAllocator.cpp, line 138]
Event: 1715.325 Thread 0x00007fee2842d8c0 Implicit null exception at 0x00007fee7efaf5f8 to 0x00007fee7efaf73a
Event: 1718.686 Thread 0x00007fee9036c950 Exception <a 'java/lang/OutOfMemoryError'{0x00000000e00bf0a0}> (0x00000000e00bf0a0) 
thrown [src/hotspot/share/gc/shared/memAllocator.cpp, line 136]
Event: 1721.806 Thread 0x00007fee2842d8c0 Exception <a 'java/lang/OutOfMemoryError'{0x00000000e00bed80}> (0x00000000e00bed80) 
thrown [src/hotspot/share/gc/shared/memAllocator.cpp, line 138]
Event: 1721.806 Thread 0x00007fee2842d8c0 Implicit null exception at 0x00007fee7efdd887 to 0x00007fee7efdd9d2
Event: 1725.079 Thread 0x00007fee2842d8c0 Exception <a 'java/lang/OutOfMemoryError'{0x00000000e00bed80}> (0x00000000e00bed80) 
thrown [src/hotspot/share/gc/shared/memAllocator.cpp, line 138]
Event: 1725.079 Thread 0x00007fee2842d8c0 Implicit null exception at 0x00007fee7ef9a3f1 to 0x00007fee7ef9a47d
Event: 1728.305 Thread 0x00007fee900b1990 Exception <a 'java/lang/OutOfMemoryError'{0x00000000e00bf0a0}> (0x00000000e00bf0a0) 
thrown [src/hotspot/share/gc/shared/memAllocator.cpp, line 136]
Event: 1731.819 Thread 0x00007fee200ba390 Exception <a 'java/lang/OutOfMemoryError'{0x00000000e00bf0a0}> (0x00000000e00bf0a0) 
thrown [src/hotspot/share/gc/shared/memAllocator.cpp, line 136]
Event: 1739.981 Thread 0x00007fee9036c950 Exception <a 'java/lang/OutOfMemoryError'{0x00000000e00bf0a0}> (0x00000000e00bf0a0) 
thrown [src/hotspot/share/gc/shared/memAllocator.cpp, line 136]
Event: 1753.130 Thread 0x00007fee900b1990 Exception <a 'java/lang/OutOfMemoryError'{0x00000000e00bf0a0}> (0x00000000e00bf0a0) 
thrown [src/hotspot/share/gc/shared/memAllocator.cpp, line 136]

VM Operations (20 events):
Event: 1735.132 Executing VM operation: ParallelGCFailedAllocation done
Event: 1735.132 Executing VM operation: ParallelGCFailedAllocation
Event: 1736.818 Executing VM operation: ParallelGCFailedAllocation done
Event: 1736.818 Executing VM operation: ParallelGCFailedAllocation
Event: 1739.981 Executing VM operation: ParallelGCFailedAllocation done
Event: 1739.981 Executing VM operation: ParallelGCFailedAllocation
Event: 1741.582 Executing VM operation: ParallelGCFailedAllocation done
Event: 1741.583 Executing VM operation: ParallelGCFailedAllocation
Event: 1743.304 Executing VM operation: ParallelGCFailedAllocation done
Event: 1743.305 Executing VM operation: ParallelGCFailedAllocation
Event: 1745.005 Executing VM operation: ParallelGCFailedAllocation done
Event: 1745.005 Executing VM operation: ParallelGCFailedAllocation
Event: 1746.599 Executing VM operation: ParallelGCFailedAllocation done
Event: 1746.599 Executing VM operation: ParallelGCFailedAllocation
Event: 1748.309 Executing VM operation: ParallelGCFailedAllocation done
Event: 1748.309 Executing VM operation: ParallelGCFailedAllocation
Event: 1749.920 Executing VM operation: ParallelGCFailedAllocation done
Event: 1749.920 Executing VM operation: ParallelGCFailedAllocation
Event: 1753.130 Executing VM operation: ParallelGCFailedAllocation done
Event: 1753.130 Executing VM operation: ParallelGCFailedAllocation

Events (20 events):
Event: 997.505 Thread 0x00007fee900b3f00 flushing nmethod 0x00007fee78b52210
Event: 997.505 Thread 0x00007fee900b3f00 flushing nmethod 0x00007fee78b52990
Event: 997.505 Thread 0x00007fee900b3f00 flushing nmethod 0x00007fee78b53b90
Event: 997.505 Thread 0x00007fee900b3f00 flushing nmethod 0x00007fee78b54610
Event: 997.505 Thread 0x00007fee900b3f00 flushing nmethod 0x00007fee78b58d90
Event: 997.505 Thread 0x00007fee900b3f00 flushing nmethod 0x00007fee78b5d790
Event: 997.505 Thread 0x00007fee900b3f00 flushing nmethod 0x00007fee78b5e510
Event: 997.505 Thread 0x00007fee900b3f00 flushing nmethod 0x00007fee78b5ee90
Event: 997.505 Thread 0x00007fee900b3f00 flushing nmethod 0x00007fee78b5f810
Event: 997.505 Thread 0x00007fee900b3f00 flushing nmethod 0x00007fee78b5fe90
Event: 997.505 Thread 0x00007fee900b3f00 flushing nmethod 0x00007fee78b61210
Event: 997.505 Thread 0x00007fee900b3f00 flushing nmethod 0x00007fee78b62210
Event: 997.506 Thread 0x00007fee900b3f00 flushing nmethod 0x00007fee78b66310
Event: 1556.810 loading class java/lang/AssertionError
Event: 1556.810 loading class java/lang/AssertionError done
Event: 1650.010 loading class java/lang/Throwable$WrappedPrintStream
Event: 1650.010 loading class java/lang/Throwable$PrintStreamOrWriter
Event: 1653.508 loading class java/lang/Throwable$PrintStreamOrWriter done
Event: 1653.508 loading class java/lang/Throwable$WrappedPrintStream done
Event: 1684.601 Thread 0x00007fee20001420 Thread exited: 0x00007fee20001420


Dynamic libraries:
e0000000-f3800000 rw-p 00000000 00:00 0 
f3800000-fdd80000 rw-p 00000000 00:00 0 
fdd80000-100000000 ---p 00000000 00:00 0 
800000000-800449000 rw-p 00001000 08:30 707969865                        /nix/store/gpxl5qgg8kicmcvivwmybwjlpf7wh20l-graalvm17-ce-22.3.0/lib/server/classes.jsa
800449000-800bc8000 r--p 0044a000 08:30 707969865                        /nix/store/gpxl5qgg8kicmcvivwmybwjlpf7wh20l-graalvm17-ce-22.3.0/lib/server/classes.jsa
800bc8000-800c00000 ---p 00000000 00:00 0 
800c00000-800c10000 rw-p 00000000 00:00 0 
800c10000-800c30000 rw-p 00000000 00:00 0 
800c30000-800cb0000 rw-p 00000000 00:00 0 
800cb0000-800cf0000 rw-p 00000000 00:00 0 
800cf0000-800db0000 rw-p 00000000 00:00 0 
800db0000-800df0000 rw-p 00000000 00:00 0 
800df0000-800f30000 rw-p 00000000 00:00 0 
800f30000-800fb0000 rw-p 00000000 00:00 0 
800fb0000-800ff0000 rw-p 00000000 00:00 0 
800ff0000-801220000 rw-p 00000000 00:00 0 
801220000-840c00000 ---p 00000000 00:00 0 
559b25fc6000-559b25fc7000 r-xp 00000000 08:30 672029940                  /nix/store/gpxl5qgg8kicmcvivwmybwjlpf7wh20l-graalvm17-ce-22.3.0/bin/.java-wrapped
559b25fc8000-559b25fc9000 r--p 00001000 08:30 672029940                  /nix/store/gpxl5qgg8kicmcvivwmybwjlpf7wh20l-graalvm17-ce-22.3.0/bin/.java-wrapped
559b25fc9000-559b25fca000 rw-p 00002000 08:30 672029940                  /nix/store/gpxl5qgg8kicmcvivwmybwjlpf7wh20l-graalvm17-ce-22.3.0/bin/.java-wrapped
559b25fca000-559b25fcb000 rw-p 00004000 08:30 672029940                  /nix/store/gpxl5qgg8kicmcvivwmybwjlpf7wh20l-graalvm17-ce-22.3.0/bin/.java-wrapped
559b25fcb000-559b25fcc000 rw-p 00005000 08:30 672029940                  /nix/store/gpxl5qgg8kicmcvivwmybwjlpf7wh20l-graalvm17-ce-22.3.0/bin/.java-wrapped
559b27798000-559b277e0000 rw-p 00000000 00:00 0                          [heap]
7feddc000000-7feddc125000 rw-p 00000000 00:00 0 
7feddc125000-7fede0000000 ---p 00000000 00:00 0 
7fede0000000-7fede0021000 rw-p 00000000 00:00 0 
7fede0021000-7fede4000000 ---p 00000000 00:00 0 
7fede4000000-7fede4021000 rw-p 00000000 00:00 0 
7fede4021000-7fede8000000 ---p 00000000 00:00 0 
7fede9c00000-7fedea120000 rw-p 00000000 00:00 0 
7fedea120000-7fedea400000 ---p 00000000 00:00 0 
7fedea4b3000-7fedf4000000 r--s 00000000 08:30 707804677                  /nix/store/gpxl5qgg8kicmcvivwmybwjlpf7wh20l-graalvm17-ce-22.3.0/lib/modules
7fedf4000000-7fedf4065000 rw-p 00000000 00:00 0 
7fedf4065000-7fedf8000000 ---p 00000000 00:00 0 
7fedf8000000-7fedf8021000 rw-p 00000000 00:00 0 
7fedf8021000-7fedfc000000 ---p 00000000 00:00 0 
7fedfc000000-7fedfc06f000 rw-p 00000000 00:00 0 
7fedfc06f000-7fee00000000 ---p 00000000 00:00 0 
7fee00000000-7fee003f1000 rw-p 00000000 00:00 0 
7fee003f1000-7fee04000000 ---p 00000000 00:00 0 
7fee04000000-7fee04021000 rw-p 00000000 00:00 0 
7fee04021000-7fee08000000 ---p 00000000 00:00 0 
7fee08000000-7fee08152000 rw-p 00000000 00:00 0 
7fee08152000-7fee0c000000 ---p 00000000 00:00 0 
7fee0c000000-7fee0c0f7000 rw-p 00000000 00:00 0 
7fee0c0f7000-7fee10000000 ---p 00000000 00:00 0 
7fee10000000-7fee10021000 rw-p 00000000 00:00 0 
7fee10021000-7fee14000000 ---p 00000000 00:00 0 
7fee14000000-7fee1413b000 rw-p 00000000 00:00 0 
7fee1413b000-7fee18000000 ---p 00000000 00:00 0 
7fee18000000-7fee18315000 rw-p 00000000 00:00 0 
7fee18315000-7fee1c000000 ---p 00000000 00:00 0 
7fee1c000000-7fee1c021000 rw-p 00000000 00:00 0 
7fee1c021000-7fee20000000 ---p 00000000 00:00 0 
7fee20000000-7fee200ff000 rw-p 00000000 00:00 0 
7fee200ff000-7fee24000000 ---p 00000000 00:00 0 
7fee24000000-7fee24370000 rw-p 00000000 00:00 0 
7fee24370000-7fee243f0000 rw-p 00000000 00:00 0 
7fee243f0000-7fee24400000 ---p 00000000 00:00 0 
7fee24400000-7fee247f0000 rw-p 00000000 00:00 0 
7fee247f0000-7fee24800000 rw-p 00000000 00:00 0 
7fee26000000-7fee262f0000 rw-p 00000000 00:00 0 
7fee262f0000-7fee263f0000 rw-p 00000000 00:00 0 
7fee263f0000-7fee267f0000 rw-p 00000000 00:00 0 
7fee267f0000-7fee268f0000 rw-p 00000000 00:00 0 
7fee268f0000-7fee269f0000 rw-p 00000000 00:00 0 
7fee269f0000-7fee26af0000 rw-p 00000000 00:00 0 
7fee26af0000-7fee26cf0000 rw-p 00000000 00:00 0 
7fee26cf0000-7fee26df0000 rw-p 00000000 00:00 0 
7fee26df0000-7fee26ff0000 rw-p 00000000 00:00 0 
7fee26ff0000-7fee271f0000 rw-p 00000000 00:00 0 
7fee271f0000-7fee276f0000 rw-p 00000000 00:00 0 
7fee276f0000-7fee277f0000 rw-p 00000000 00:00 0 
7fee277f0000-7fee278f0000 rw-p 00000000 00:00 0 
7fee278f0000-7fee279f0000 rw-p 00000000 00:00 0 
7fee279f0000-7fee27ef0000 rw-p 00000000 00:00 0 
7fee27ef0000-7fee28000000 rw-p 00000000 00:00 0 
7fee28000000-7fee288b2000 rw-p 00000000 00:00 0 
7fee288b2000-7fee2c000000 ---p 00000000 00:00 0 
7fee2c000000-7fee2c021000 rw-p 00000000 00:00 0 
7fee2c021000-7fee30000000 ---p 00000000 00:00 0 
7fee30000000-7fee30021000 rw-p 00000000 00:00 0 
7fee30021000-7fee34000000 ---p 00000000 00:00 0 
7fee34000000-7fee34021000 rw-p 00000000 00:00 0 
7fee34021000-7fee38000000 ---p 00000000 00:00 0 
7fee38000000-7fee38021000 rw-p 00000000 00:00 0 
7fee38021000-7fee3c000000 ---p 00000000 00:00 0 
7fee3c600000-7fee3c610000 r-xp 00000000 00:113 310                       /home/runner/Assignment01DS/.cache/jdt-language-server/config/org.eclipse.equinox.launcher/org.eclipse.equinox.launcher.gtk.linux.x86_64_1.2.400.v20211117-0650/eclipse_11600.so
7fee3c610000-7fee3c80f000 ---p 00010000 00:113 310                       /home/runner/Assignment01DS/.cache/jdt-language-server/config/org.eclipse.equinox.launcher/org.eclipse.equinox.launcher.gtk.linux.x86_64_1.2.400.v20211117-0650/eclipse_11600.so
7fee3c80f000-7fee3c810000 r--p 0000f000 00:113 310                       /home/runner/Assignment01DS/.cache/jdt-language-server/config/org.eclipse.equinox.launcher/org.eclipse.equinox.launcher.gtk.linux.x86_64_1.2.400.v20211117-0650/eclipse_11600.so
7fee3c810000-7fee3c811000 rw-p 00010000 00:113 310                       /home/runner/Assignment01DS/.cache/jdt-language-server/config/org.eclipse.equinox.launcher/org.eclipse.equinox.launcher.gtk.linux.x86_64_1.2.400.v20211117-0650/eclipse_11600.so
7fee3cf00000-7fee3d000000 ---p 00000000 00:00 0 
7fee3d000000-7fee3d5af000 r--p 01122000 08:30 707802136                  /nix/store/gpxl5qgg8kicmcvivwmybwjlpf7wh20l-graalvm17-ce-22.3.0/lib/libjvmcicompiler.so
7fee3d5af000-7fee3d700000 r--p 00000000 00:00 0 
7fee3d700000-7fee3d73d000 rw-p 00000000 00:00 0 
7fee3d73d000-7fee3dc5d000 rw-p 0185f000 08:30 707802136                  /nix/store/gpxl5qgg8kicmcvivwmybwjlpf7wh20l-graalvm17-ce-22.3.0/lib/libjvmcicompiler.so
7fee3dc5d000-7fee3e044000 r--p 01d7f000 08:30 707802136                  /nix/store/gpxl5qgg8kicmcvivwmybwjlpf7wh20l-graalvm17-ce-22.3.0/lib/libjvmcicompiler.so
7fee3e100000-7fee3e104000 ---p 00000000 00:00 0 
7fee3e104000-7fee3e200000 rw-p 00000000 00:00 0 
7fee3e300000-7fee3e304000 ---p 00000000 00:00 0 
7fee3e304000-7fee3e400000 rw-p 00000000 00:00 0 
7fee3e400000-7fee3e404000 ---p 00000000 00:00 0 
7fee3e404000-7fee3e500000 rw-p 00000000 00:00 0 
7fee3e500000-7fee3e504000 ---p 00000000 00:00 0 
7fee3e504000-7fee3e600000 rw-p 00000000 00:00 0 
7fee3e700000-7fee3e704000 ---p 00000000 00:00 0 
7fee3e704000-7fee3e800000 rw-p 00000000 00:00 0 
7fee3e800000-7fee3e804000 ---p 00000000 00:00 0 
7fee3e804000-7fee3e900000 rw-p 00000000 00:00 0 
7fee3e900000-7fee3e904000 ---p 00000000 00:00 0 
7fee3e904000-7fee3ea00000 rw-p 00000000 00:00 0 
7fee3ea00000-7fee3ea04000 ---p 00000000 00:00 0 
7fee3ea04000-7fee3eb00000 rw-p 00000000 00:00 0 
7fee3eb00000-7fee3eb04000 ---p 00000000 00:00 0 
7fee3eb04000-7fee3ec00000 rw-p 00000000 00:00 0 
7fee3ed00000-7fee3ed04000 ---p 00000000 00:00 0 
7fee3ed04000-7fee3ee00000 rw-p 00000000 00:00 0 
7fee3fa68000-7fee3ff00000 rw-p 00000000 00:00 0 
7fee40000000-7fee40021000 rw-p 00000000 00:00 0 
7fee40021000-7fee44000000 ---p 00000000 00:00 0 
7fee44000000-7fee44021000 rw-p 00000000 00:00 0 
7fee44021000-7fee48000000 ---p 00000000 00:00 0 
7fee48000000-7fee48089000 rw-p 00000000 00:00 0 
7fee48089000-7fee4c000000 ---p 00000000 00:00 0 
7fee4c000000-7fee4c021000 rw-p 00000000 00:00 0 
7fee4c021000-7fee50000000 ---p 00000000 00:00 0 
7fee50000000-7fee500ce000 rw-p 00000000 00:00 0 
7fee500ce000-7fee54000000 ---p 00000000 00:00 0 
7fee54000000-7fee54bca000 rw-p 00000000 00:00 0 
7fee54bca000-7fee58000000 ---p 00000000 00:00 0 
7fee58000000-7fee58021000 rw-p 00000000 00:00 0 
7fee58021000-7fee5c000000 ---p 00000000 00:00 0 
7fee5c000000-7fee5c021000 rw-p 00000000 00:00 0 
7fee5c021000-7fee60000000 ---p 00000000 00:00 0 
7fee60000000-7fee60021000 rw-p 00000000 00:00 0 
7fee60021000-7fee64000000 ---p 00000000 00:00 0 
7fee64000000-7fee64021000 rw-p 00000000 00:00 0 
7fee64021000-7fee68000000 ---p 00000000 00:00 0 
7fee68000000-7fee68021000 rw-p 00000000 00:00 0 
7fee68021000-7fee6c000000 ---p 00000000 00:00 0 
7fee6c000000-7fee6c021000 rw-p 00000000 00:00 0 
7fee6c021000-7fee70000000 ---p 00000000 00:00 0 
7fee70000000-7fee70061000 rw-p 00000000 00:00 0 
7fee70061000-7fee74000000 ---p 00000000 00:00 0 
7fee74100000-7fee74104000 ---p 00000000 00:00 0 
7fee74104000-7fee74200000 rw-p 00000000 00:00 0 
7fee74300000-7fee74304000 ---p 00000000 00:00 0 
7fee74304000-7fee74400000 rw-p 00000000 00:00 0 
7fee74500000-7fee74504000 ---p 00000000 00:00 0 
7fee74504000-7fee74600000 rw-p 00000000 00:00 0 
7fee74700000-7fee74704000 ---p 00000000 00:00 0 
7fee74704000-7fee74800000 rw-p 00000000 00:00 0 
7fee74800000-7fee74804000 ---p 00000000 00:00 0 
7fee74804000-7fee74900000 rw-p 00000000 00:00 0 
7fee74900000-7fee74904000 ---p 00000000 00:00 0 
7fee74904000-7fee74a00000 rw-p 00000000 00:00 0 
7fee74b00000-7fee74b04000 ---p 00000000 00:00 0 
7fee74b04000-7fee74c00000 rw-p 00000000 00:00 0 
7fee74d00000-7fee74d04000 ---p 00000000 00:00 0 
7fee74d04000-7fee74e00000 rw-p 00000000 00:00 0 
7fee74f00000-7fee74f04000 ---p 00000000 00:00 0 
7fee74f04000-7fee75000000 rw-p 00000000 00:00 0 
7fee75000000-7fee7716a000 r-xp 00000000 08:30 707802136                  /nix/store/gpxl5qgg8kicmcvivwmybwjlpf7wh20l-graalvm17-ce-22.3.0/lib/libjvmcicompiler.so
7fee7716a000-7fee77369000 ---p 0216a000 08:30 707802136                  /nix/store/gpxl5qgg8kicmcvivwmybwjlpf7wh20l-graalvm17-ce-22.3.0/lib/libjvmcicompiler.so
7fee77369000-7fee7736a000 r--p 02169000 08:30 707802136                  /nix/store/gpxl5qgg8kicmcvivwmybwjlpf7wh20l-graalvm17-ce-22.3.0/lib/libjvmcicompiler.so
7fee7736a000-7fee7736c000 rw-p 0216a000 08:30 707802136                  /nix/store/gpxl5qgg8kicmcvivwmybwjlpf7wh20l-graalvm17-ce-22.3.0/lib/libjvmcicompiler.so
7fee7736c000-7fee7736d000 rw-p 00000000 00:00 0 
7fee7736d000-7fee77372000 rw-p 023c3000 08:30 707802136                  /nix/store/gpxl5qgg8kicmcvivwmybwjlpf7wh20l-graalvm17-ce-22.3.0/lib/libjvmcicompiler.so
7fee773b3000-7fee773b7000 ---p 00000000 00:00 0 
7fee773b7000-7fee774b3000 rw-p 00000000 00:00 0 
7fee774b3000-7fee77723000 rwxp 00000000 00:00 0 
7fee77723000-7fee77a42000 ---p 00000000 00:00 0 
7fee77a42000-7fee78ba2000 rwxp 00000000 00:00 0 
7fee78ba2000-7fee7ef7a000 ---p 00000000 00:00 0 
7fee7ef7a000-7fee7f25a000 rwxp 00000000 00:00 0 
7fee7f25a000-7fee864b3000 ---p 00000000 00:00 0 
7fee864b3000-7fee90000000 r--s 00000000 08:30 707804677                  /nix/store/gpxl5qgg8kicmcvivwmybwjlpf7wh20l-graalvm17-ce-22.3.0/lib/modules
7fee90000000-7fee9040e000 rw-p 00000000 00:00 0 
7fee9040e000-7fee94000000 ---p 00000000 00:00 0 
7fee94018000-7fee94019000 ---p 00000000 00:00 0 
7fee94019000-7fee9411a000 rw-p 00000000 00:00 0 
7fee9411a000-7fee9411e000 ---p 00000000 00:00 0 
7fee9411e000-7fee9421a000 rw-p 00000000 00:00 0 
7fee9421a000-7fee9421e000 ---p 00000000 00:00 0 
7fee9421e000-7fee9431a000 rw-p 00000000 00:00 0 
7fee9431a000-7fee9431e000 ---p 00000000 00:00 0 
7fee9431e000-7fee9441a000 rw-p 00000000 00:00 0 
7fee9441a000-7fee9441e000 ---p 00000000 00:00 0 
7fee9441e000-7fee9461a000 rw-p 00000000 00:00 0 
7fee9461a000-7fee9461e000 ---p 00000000 00:00 0 
7fee9461e000-7fee9481a000 rw-p 00000000 00:00 0 
7fee9481a000-7fee9481e000 ---p 00000000 00:00 0 
7fee9481e000-7fee9491a000 rw-p 00000000 00:00 0 
7fee9491a000-7fee9491e000 ---p 00000000 00:00 0 
7fee9491e000-7fee94a1a000 rw-p 00000000 00:00 0 
7fee94a1a000-7fee94a1e000 ---p 00000000 00:00 0 
7fee94a1e000-7fee94b1a000 rw-p 00000000 00:00 0 
7fee94b1a000-7fee94e00000 r--p 00000000 fc:00 28444448                   /usr/lib/locale/locale-archive
7fee94e00000-7fee94e04000 ---p 00000000 00:00 0 
7fee94e04000-7fee94f00000 rw-p 00000000 00:00 0 
7fee94f00000-7fee94f04000 ---p 00000000 00:00 0 
7fee94f04000-7fee953f0000 rw-p 00000000 00:00 0 
7fee953f0000-7fee956f0000 rw-p 00000000 00:00 0 
7fee956f0000-7fee95800000 rw-p 00000000 00:00 0 
7fee9585d000-7fee9585f000 r-xp 00000000 08:30 707802113                  /nix/store/gpxl5qgg8kicmcvivwmybwjlpf7wh20l-graalvm17-ce-22.3.0/lib/libextnet.so
7fee9585f000-7fee95860000 r--p 00001000 08:30 707802113                  /nix/store/gpxl5qgg8kicmcvivwmybwjlpf7wh20l-graalvm17-ce-22.3.0/lib/libextnet.so
7fee95860000-7fee95861000 rw-p 00002000 08:30 707802113                  /nix/store/gpxl5qgg8kicmcvivwmybwjlpf7wh20l-graalvm17-ce-22.3.0/lib/libextnet.so
7fee95861000-7fee95862000 rw-p 00004000 08:30 707802113                  /nix/store/gpxl5qgg8kicmcvivwmybwjlpf7wh20l-graalvm17-ce-22.3.0/lib/libextnet.so
7fee95862000-7fee95866000 ---p 00000000 00:00 0 
7fee95866000-7fee95884000 rw-p 00000000 00:00 0 
7fee95884000-7fee9588b000 r-xp 00000000 08:30 707804676                  /nix/store/gpxl5qgg8kicmcvivwmybwjlpf7wh20l-graalvm17-ce-22.3.0/lib/libzip.so
7fee9588b000-7fee9588c000 ---p 00007000 08:30 707804676                  /nix/store/gpxl5qgg8kicmcvivwmybwjlpf7wh20l-graalvm17-ce-22.3.0/lib/libzip.so
7fee9588c000-7fee9588d000 r--p 00007000 08:30 707804676                  /nix/store/gpxl5qgg8kicmcvivwmybwjlpf7wh20l-graalvm17-ce-22.3.0/lib/libzip.so
7fee9588d000-7fee9588e000 rw-p 00008000 08:30 707804676                  /nix/store/gpxl5qgg8kicmcvivwmybwjlpf7wh20l-graalvm17-ce-22.3.0/lib/libzip.so
7fee9588e000-7fee95890000 rw-p 0000b000 08:30 707804676                  /nix/store/gpxl5qgg8kicmcvivwmybwjlpf7wh20l-graalvm17-ce-22.3.0/lib/libzip.so
7fee95890000-7fee958a5000 r-xp 00000000 08:30 707804666                  /nix/store/gpxl5qgg8kicmcvivwmybwjlpf7wh20l-graalvm17-ce-22.3.0/lib/libnet.so
7fee958a5000-7fee958a6000 ---p 00015000 08:30 707804666                  /nix/store/gpxl5qgg8kicmcvivwmybwjlpf7wh20l-graalvm17-ce-22.3.0/lib/libnet.so
7fee958a6000-7fee958a7000 r--p 00015000 08:30 707804666                  /nix/store/gpxl5qgg8kicmcvivwmybwjlpf7wh20l-graalvm17-ce-22.3.0/lib/libnet.so
7fee958a7000-7fee958a8000 rw-p 00016000 08:30 707804666                  /nix/store/gpxl5qgg8kicmcvivwmybwjlpf7wh20l-graalvm17-ce-22.3.0/lib/libnet.so
7fee958a8000-7fee958ab000 rw-p 0001b000 08:30 707804666                  /nix/store/gpxl5qgg8kicmcvivwmybwjlpf7wh20l-graalvm17-ce-22.3.0/lib/libnet.so
7fee958ab000-7fee958be000 r-xp 00000000 08:30 707804667                  /nix/store/gpxl5qgg8kicmcvivwmybwjlpf7wh20l-graalvm17-ce-22.3.0/lib/libnio.so
7fee958be000-7fee958bf000 r--p 00012000 08:30 707804667                  /nix/store/gpxl5qgg8kicmcvivwmybwjlpf7wh20l-graalvm17-ce-22.3.0/lib/libnio.so
7fee958bf000-7fee958c0000 rw-p 00013000 08:30 707804667                  /nix/store/gpxl5qgg8kicmcvivwmybwjlpf7wh20l-graalvm17-ce-22.3.0/lib/libnio.so
7fee958c0000-7fee958c5000 rw-p 00019000 08:30 707804667                  /nix/store/gpxl5qgg8kicmcvivwmybwjlpf7wh20l-graalvm17-ce-22.3.0/lib/libnio.so
7fee958c5000-7fee958c6000 ---p 00000000 00:00 0 
7fee958c6000-7fee959c7000 rw-p 00000000 00:00 0 
7fee959c7000-7fee95a95000 r-xp 00000000 08:30 707802132                  /nix/store/gpxl5qgg8kicmcvivwmybwjlpf7wh20l-graalvm17-ce-22.3.0/lib/libjsvml.so
7fee95a95000-7fee95a96000 r--p 000cd000 08:30 707802132                  /nix/store/gpxl5qgg8kicmcvivwmybwjlpf7wh20l-graalvm17-ce-22.3.0/lib/libjsvml.so
7fee95a96000-7fee95a97000 rw-p 000ce000 08:30 707802132                  /nix/store/gpxl5qgg8kicmcvivwmybwjlpf7wh20l-graalvm17-ce-22.3.0/lib/libjsvml.so
7fee95a97000-7fee9736f000 rw-p 00000000 00:00 0 
7fee9736f000-7fee97370000 ---p 00000000 00:00 0 
7fee97370000-7fee9750d000 rw-p 00000000 00:00 0 
7fee9750d000-7fee97560000 rw-p 00000000 00:00 0 
7fee97560000-7fee97571000 ---p 00000000 00:00 0 
7fee97571000-7fee97578000 rw-p 00000000 00:00 0 
7fee97578000-7fee9765d000 ---p 00000000 00:00 0 
7fee9765d000-7fee97680000 rw-p 00000000 00:00 0 
7fee97680000-7fee97748000 ---p 00000000 00:00 0 
7fee97748000-7fee9774d000 rw-p 00000000 00:00 0 
7fee9774d000-7fee97754000 ---p 00000000 00:00 0 
7fee97754000-7fee97778000 r-xp 00000000 08:30 707802124                  /nix/store/gpxl5qgg8kicmcvivwmybwjlpf7wh20l-graalvm17-ce-22.3.0/lib/libjava.so
7fee97778000-7fee97779000 ---p 00024000 08:30 707802124                  /nix/store/gpxl5qgg8kicmcvivwmybwjlpf7wh20l-graalvm17-ce-22.3.0/lib/libjava.so
7fee97779000-7fee9777a000 r--p 00024000 08:30 707802124                  /nix/store/gpxl5qgg8kicmcvivwmybwjlpf7wh20l-graalvm17-ce-22.3.0/lib/libjava.so
7fee9777a000-7fee9777b000 rw-p 00025000 08:30 707802124                  /nix/store/gpxl5qgg8kicmcvivwmybwjlpf7wh20l-graalvm17-ce-22.3.0/lib/libjava.so
7fee9777b000-7fee9777c000 rw-p 00000000 00:00 0 
7fee9777c000-7fee97783000 rw-p 0002f000 08:30 707802124                  /nix/store/gpxl5qgg8kicmcvivwmybwjlpf7wh20l-graalvm17-ce-22.3.0/lib/libjava.so
7fee97783000-7fee9778b000 rw-s 00000000 00:9e6 397                       /tmp/hsperfdata_runner/48
7fee9778b000-7fee9778c000 ---p 00000000 00:00 0 
7fee9778c000-7fee9778d000 r--p 00000000 00:00 0 
7fee9778d000-7fee9778e000 rwxp 00000000 00:00 0 
7fee9778e000-7fee977a9000 r-xp 00000000 08:30 707802128                  /nix/store/gpxl5qgg8kicmcvivwmybwjlpf7wh20l-graalvm17-ce-22.3.0/lib/libjimage.so
7fee977a9000-7fee977aa000 ---p 0001b000 08:30 707802128                  /nix/store/gpxl5qgg8kicmcvivwmybwjlpf7wh20l-graalvm17-ce-22.3.0/lib/libjimage.so
7fee977aa000-7fee977ac000 r--p 0001b000 08:30 707802128                  /nix/store/gpxl5qgg8kicmcvivwmybwjlpf7wh20l-graalvm17-ce-22.3.0/lib/libjimage.so
7fee977ac000-7fee977ad000 rw-p 0001d000 08:30 707802128                  /nix/store/gpxl5qgg8kicmcvivwmybwjlpf7wh20l-graalvm17-ce-22.3.0/lib/libjimage.so
7fee977ad000-7fee977ae000 rw-p 00024000 08:30 707802128                  /nix/store/gpxl5qgg8kicmcvivwmybwjlpf7wh20l-graalvm17-ce-22.3.0/lib/libjimage.so
7fee977ae000-7fee977b2000 ---p 00000000 00:00 0 
7fee977b2000-7fee978ae000 rw-p 00000000 00:00 0 
7fee978ae000-7fee978bc000 r--p 00000000 08:30 600592023                  /nix/store/4nlgxhb09sdr51nc9hdm8az5b08vzkgx-glibc-2.35-163/lib/libm.so.6
7fee978bc000-7fee9792f000 r-xp 0000e000 08:30 600592023                  /nix/store/4nlgxhb09sdr51nc9hdm8az5b08vzkgx-glibc-2.35-163/lib/libm.so.6
7fee9792f000-7fee9798c000 r--p 00081000 08:30 600592023                  /nix/store/4nlgxhb09sdr51nc9hdm8az5b08vzkgx-glibc-2.35-163/lib/libm.so.6
7fee9798c000-7fee9798d000 r--p 000dd000 08:30 600592023                  /nix/store/4nlgxhb09sdr51nc9hdm8az5b08vzkgx-glibc-2.35-163/lib/libm.so.6
7fee9798d000-7fee9798e000 rw-p 000de000 08:30 600592023                  /nix/store/4nlgxhb09sdr51nc9hdm8az5b08vzkgx-glibc-2.35-163/lib/libm.so.6
7fee9798e000-7fee9798f000 r--p 00000000 08:30 600592042                  /nix/store/4nlgxhb09sdr51nc9hdm8az5b08vzkgx-glibc-2.35-163/lib/librt.so.1
7fee9798f000-7fee97990000 r-xp 00001000 08:30 600592042                  /nix/store/4nlgxhb09sdr51nc9hdm8az5b08vzkgx-glibc-2.35-163/lib/librt.so.1
7fee97990000-7fee97991000 r--p 00002000 08:30 600592042                  /nix/store/4nlgxhb09sdr51nc9hdm8az5b08vzkgx-glibc-2.35-163/lib/librt.so.1
7fee97991000-7fee97992000 r--p 00002000 08:30 600592042                  /nix/store/4nlgxhb09sdr51nc9hdm8az5b08vzkgx-glibc-2.35-163/lib/librt.so.1
7fee97992000-7fee97993000 rw-p 00003000 08:30 600592042                  /nix/store/4nlgxhb09sdr51nc9hdm8az5b08vzkgx-glibc-2.35-163/lib/librt.so.1
7fee97993000-7fee98aa6000 r-xp 00000000 08:30 707972962                  /nix/store/gpxl5qgg8kicmcvivwmybwjlpf7wh20l-graalvm17-ce-22.3.0/lib/server/libjvm.so
7fee98aa6000-7fee98aa7000 ---p 01113000 08:30 707972962                  /nix/store/gpxl5qgg8kicmcvivwmybwjlpf7wh20l-graalvm17-ce-22.3.0/lib/server/libjvm.so
7fee98aa7000-7fee98b5c000 r--p 01113000 08:30 707972962                  /nix/store/gpxl5qgg8kicmcvivwmybwjlpf7wh20l-graalvm17-ce-22.3.0/lib/server/libjvm.so
7fee98b5c000-7fee98b90000 rw-p 011c8000 08:30 707972962                  /nix/store/gpxl5qgg8kicmcvivwmybwjlpf7wh20l-graalvm17-ce-22.3.0/lib/server/libjvm.so
7fee98b90000-7fee98bec000 rw-p 00000000 00:00 0 
7fee98bec000-7fee98c14000 r--p 00000000 08:30 600592014                  /nix/store/4nlgxhb09sdr51nc9hdm8az5b08vzkgx-glibc-2.35-163/lib/libc.so.6
7fee98c14000-7fee98d8a000 r-xp 00028000 08:30 600592014                  /nix/store/4nlgxhb09sdr51nc9hdm8az5b08vzkgx-glibc-2.35-163/lib/libc.so.6
7fee98d8a000-7fee98de2000 r--p 0019e000 08:30 600592014                  /nix/store/4nlgxhb09sdr51nc9hdm8az5b08vzkgx-glibc-2.35-163/lib/libc.so.6
7fee98de2000-7fee98de6000 r--p 001f6000 08:30 600592014                  /nix/store/4nlgxhb09sdr51nc9hdm8az5b08vzkgx-glibc-2.35-163/lib/libc.so.6
7fee98de6000-7fee98de8000 rw-p 001fa000 08:30 600592014                  /nix/store/4nlgxhb09sdr51nc9hdm8az5b08vzkgx-glibc-2.35-163/lib/libc.so.6
7fee98de8000-7fee98df7000 rw-p 00000000 00:00 0 
7fee98df7000-7fee98df8000 r--p 00000000 08:30 600592019                  /nix/store/4nlgxhb09sdr51nc9hdm8az5b08vzkgx-glibc-2.35-163/lib/libdl.so.2
7fee98df8000-7fee98df9000 r-xp 00001000 08:30 600592019                  /nix/store/4nlgxhb09sdr51nc9hdm8az5b08vzkgx-glibc-2.35-163/lib/libdl.so.2
7fee98df9000-7fee98dfa000 r--p 00002000 08:30 600592019                  /nix/store/4nlgxhb09sdr51nc9hdm8az5b08vzkgx-glibc-2.35-163/lib/libdl.so.2
7fee98dfa000-7fee98dfb000 r--p 00002000 08:30 600592019                  /nix/store/4nlgxhb09sdr51nc9hdm8az5b08vzkgx-glibc-2.35-163/lib/libdl.so.2
7fee98dfb000-7fee98dfc000 rw-p 00003000 08:30 600592019                  /nix/store/4nlgxhb09sdr51nc9hdm8az5b08vzkgx-glibc-2.35-163/lib/libdl.so.2
7fee98dfc000-7fee98dfd000 r--p 00000000 08:30 600592038                  /nix/store/4nlgxhb09sdr51nc9hdm8az5b08vzkgx-glibc-2.35-163/lib/libpthread.so.0
7fee98dfd000-7fee98dfe000 r-xp 00001000 08:30 600592038                  /nix/store/4nlgxhb09sdr51nc9hdm8az5b08vzkgx-glibc-2.35-163/lib/libpthread.so.0
7fee98dfe000-7fee98dff000 r--p 00002000 08:30 600592038                  /nix/store/4nlgxhb09sdr51nc9hdm8az5b08vzkgx-glibc-2.35-163/lib/libpthread.so.0
7fee98dff000-7fee98e00000 r--p 00002000 08:30 600592038                  /nix/store/4nlgxhb09sdr51nc9hdm8az5b08vzkgx-glibc-2.35-163/lib/libpthread.so.0
7fee98e00000-7fee98e01000 rw-p 00003000 08:30 600592038                  /nix/store/4nlgxhb09sdr51nc9hdm8az5b08vzkgx-glibc-2.35-163/lib/libpthread.so.0
7fee98e01000-7fee98e0f000 r-xp 00000000 08:30 707802129                  /nix/store/gpxl5qgg8kicmcvivwmybwjlpf7wh20l-graalvm17-ce-22.3.0/lib/libjli.so
7fee98e0f000-7fee98e10000 ---p 0000e000 08:30 707802129                  /nix/store/gpxl5qgg8kicmcvivwmybwjlpf7wh20l-graalvm17-ce-22.3.0/lib/libjli.so
7fee98e10000-7fee98e11000 r--p 0000e000 08:30 707802129                  /nix/store/gpxl5qgg8kicmcvivwmybwjlpf7wh20l-graalvm17-ce-22.3.0/lib/libjli.so
7fee98e11000-7fee98e12000 rw-p 0000f000 08:30 707802129                  /nix/store/gpxl5qgg8kicmcvivwmybwjlpf7wh20l-graalvm17-ce-22.3.0/lib/libjli.so
7fee98e12000-7fee98e13000 rw-p 00012000 08:30 707802129                  /nix/store/gpxl5qgg8kicmcvivwmybwjlpf7wh20l-graalvm17-ce-22.3.0/lib/libjli.so
7fee98e13000-7fee98e16000 r--p 00000000 08:30 678822167                  /nix/store/026hln0aq1hyshaxsdvhg0kmcm6yf45r-zlib-1.2.13/lib/libz.so.1.2.13
7fee98e16000-7fee98e28000 r-xp 00003000 08:30 678822167                  /nix/store/026hln0aq1hyshaxsdvhg0kmcm6yf45r-zlib-1.2.13/lib/libz.so.1.2.13
7fee98e28000-7fee98e2f000 r--p 00015000 08:30 678822167                  /nix/store/026hln0aq1hyshaxsdvhg0kmcm6yf45r-zlib-1.2.13/lib/libz.so.1.2.13
7fee98e2f000-7fee98e30000 r--p 0001b000 08:30 678822167                  /nix/store/026hln0aq1hyshaxsdvhg0kmcm6yf45r-zlib-1.2.13/lib/libz.so.1.2.13
7fee98e30000-7fee98e31000 rw-p 0001c000 08:30 678822167                  /nix/store/026hln0aq1hyshaxsdvhg0kmcm6yf45r-zlib-1.2.13/lib/libz.so.1.2.13
7fee98e31000-7fee98e33000 rw-p 00000000 00:00 0 
7fee98e33000-7fee98e37000 r--p 00000000 00:00 0                          [vvar]
7fee98e37000-7fee98e39000 r-xp 00000000 00:00 0                          [vdso]
7fee98e39000-7fee98e3b000 r--p 00000000 08:30 600592008                  /nix/store/4nlgxhb09sdr51nc9hdm8az5b08vzkgx-glibc-2.35-163/lib/ld-linux-x86-64.so.2
7fee98e3b000-7fee98e62000 r-xp 00002000 08:30 600592008                  /nix/store/4nlgxhb09sdr51nc9hdm8az5b08vzkgx-glibc-2.35-163/lib/ld-linux-x86-64.so.2
7fee98e62000-7fee98e6e000 r--p 00029000 08:30 600592008                  /nix/store/4nlgxhb09sdr51nc9hdm8az5b08vzkgx-glibc-2.35-163/lib/ld-linux-x86-64.so.2
7fee98e6e000-7fee98e70000 r--p 00034000 08:30 600592008                  /nix/store/4nlgxhb09sdr51nc9hdm8az5b08vzkgx-glibc-2.35-163/lib/ld-linux-x86-64.so.2
7fee98e70000-7fee98e72000 rw-p 00036000 08:30 600592008                  /nix/store/4nlgxhb09sdr51nc9hdm8az5b08vzkgx-glibc-2.35-163/lib/ld-linux-x86-64.so.2
7ffd1a3cc000-7ffd1a3f1000 rw-p 00000000 00:00 0                          [stack]
ffffffffff600000-ffffffffff601000 --xp 00000000 00:00 0                  [vsyscall]


VM Arguments:
jvm_args: -XX:ThreadPriorityPolicy=1 -XX:+UnlockExperimentalVMOptions -XX:+EnableJVMCIProduct -XX:JVMCIThreadsPerNativeLibraryRuntime=1 -XX:-UnlockExperimentalVMOptions -Declipse.application=org.eclipse.jdt.ls.core.id1 -Dosgi.bundles.defaultStartLevel=4 -Declipse.product=org.eclipse.jdt.ls.core.product -Dlog.level=ALL -Xverify:none -XX:+UseParallelGC -XX:GCTimeRatio=4 -XX:AdaptiveSizePolicyWeight=90 -Dsun.zip.disableMemoryMapping=true -Xmx512m -Xms100m 
java_command: /nix/store/q9712qvwdh22a4krw4jz2sjrz07mvjbl-jdt-language-server-1.9.0/share/java/plugins/org.eclipse.equinox.launcher_1.6.400.v20210924-0641.jar --add-modules=ALL-SYSTEM --add-opens java.base/java.util=ALL-UNNAMED --add-opens java.base/java.lang=ALL-UNNAMED -configuration /home/runner/Assignment01DS/.cache/jdt-language-server/config -data /home/runner/.cache/jdt-language-server/data/home/runner/Assignment01DS
java_class_path (initial): /nix/store/q9712qvwdh22a4krw4jz2sjrz07mvjbl-jdt-language-server-1.9.0/share/java/plugins/org.eclipse.equinox.launcher_1.6.400.v20210924-0641.jar
Launcher Type: SUN_STANDARD

[Global flags]
    uintx AdaptiveSizePolicyWeight                 = 90                                        {product} {command line}
     intx CICompilerCount                          = 2                                         {product} {ergonomic}
     bool EnableJVMCIProduct                       = true                                {JVMCI product} {jimage}
    uintx GCTimeRatio                              = 4                                         {product} {command line}
   size_t InitialHeapSize                          = 104857600                                 {product} {command line}
     uint JVMCIThreadsPerNativeLibraryRuntime      = 1                                   {JVMCI product} {jimage}
   size_t MaxHeapSize                              = 536870912                                 {product} {command line}
   size_t MaxNewSize                               = 178782208                                 {product} {ergonomic}
   size_t MinHeapDeltaBytes                        = 524288                                    {product} {ergonomic}
   size_t MinHeapSize                              = 104857600                                 {product} {command line}
   size_t NewSize                                  = 34603008                                  {product} {ergonomic}
    uintx NonNMethodCodeHeapSize                   = 5826188                                {pd product} {ergonomic}
    uintx NonProfiledCodeHeapSize                  = 122916026                              {pd product} {ergonomic}
   size_t OldSize                                  = 70254592                                  {product} {ergonomic}
    uintx ProfiledCodeHeapSize                     = 122916026                              {pd product} {ergonomic}
    uintx ReservedCodeCacheSize                    = 251658240                              {pd product} {ergonomic}
     bool SegmentedCodeCache                       = true                                      {product} {ergonomic}
   size_t SoftMaxHeapSize                          = 536870912                              {manageable} {ergonomic}
     intx ThreadPriorityPolicy                     = 1                                         {product} {jimage}
     bool UseCompressedClassPointers               = true                           {product lp64_product} {ergonomic}
     bool UseCompressedOops                        = true                           {product lp64_product} {ergonomic}
     bool UseParallelGC                            = true                                      {product} {command line}

Logging:
Log output configuration:
 #0: stdout all=warning uptime,level,tags
 #1: stderr all=off uptime,level,tags

Environment Variables:
JAVA_HOME=/nix/store/gpxl5qgg8kicmcvivwmybwjlpf7wh20l-graalvm17-ce-22.3.0
PATH=/nix/store/1d6ian3r8kdzspw8hacjhl3xkp40g1lj-binutils-wrapper-2.39/bin:/nix/store/dq0xwmsk1g0i2ayg6pb7y87na2knzylh-gcc-wrapper-11.3.0/bin:/nix/store/bap4d0lpcrhpwmpb8ayjcgkmvfj62lnq-bash-interactive-5.1-p16/bin:/nix/store/pr5n59mb4jzmfx6kanwxly0l07p861fg-patchelf-0.15.0/bin:/nix/store/1gf2flfqnpqbr1b4p4qz2f72y42bs56r-gcc-11.3.0/bin:/nix/store/57xv61c5zi8pphjbcwxxjlgc34p61ic9-glibc-2.35-163-bin/bin:/nix/store/a7gvj343m05j2s32xcnwr35v31ynlypr-coreutils-9.1/bin:/nix/store/039g378vc3pc3dvi9dzdlrd0i4q93qwf-binutils-2.39/bin:/nix/store/gpxl5qgg8kicmcvivwmybwjlpf7wh20l-graalvm17-ce-22.3.0/bin:/nix/store/6z9ag3ihc8mq2hzsw48lhbznvzny65nz-apache-maven-3.8.6/bin:/nix/store/q9712qvwdh22a4krw4jz2sjrz07mvjbl-jdt-language-server-1.9.0/bin:/nix/store/9zdrgm97n766nc0kj11x4xvvp00qlfk9-java-debug/bin:/nix/store/18y8p4mjwjy26npih04hfv48wz9czgk3-attr-2.5.1-bin/bin:/nix/store/q8s1kzhsblr2a1p2g0lh2dkcgca1im3z-libcap-2.66/bin:/nix/store/bvihhgw8bh6cqqlj0d4s8cvmm4mqmzfc-pulseaudio-16.1/bin:/nix/store/mydc6f4k2z73xlcz7ilif3v2lcaiqvza-findutils-4.9.0/bin:/nix/store/j9p3g8472iijd50vhdprx0nmk2fqn5gv-diffutils-3.8/bin:/nix/store/89zs7rms6x00xfq4dq6m7mjnhkr8a6r4-gnused-4.8/bin:/nix/store/86bp03jkmsl6f92w0yzg4s59g5mhxwmy-gnugrep-3.7/bin:/nix/store/hwcdqw4jrjnd37wxqgsd47hd0j8bnj09-gawk-5.1.1/bin:/nix/store/cfbhw8r8ags41vwqaz47r583d0p4h4a1-gnutar-1.34/bin:/nix/store/p3m1ndl1lapwrlh698bnb5lvvxh67378-gzip-1.12/bin:/nix/store/a8mhcagrsly7c7mpjrpsnaahk4aax056-bzip2-1.0.8-bin/bin:/nix/store/mblgz65m3zv9x548a3d5m96fj2pbwr09-gnumake-4.3/bin:/nix/store/dsd5gz46hdbdk2rfdimqddhq6m8m8fqs-bash-5.1-p16/bin:/nix/store/v7ljksji50mg3w61dykaa3n3y79n6nil-patch-2.7.6/bin:/nix/store/zlcnmqq14jz5x9439jf937mvayyl63da-xz-5.2.7-bin/bin:/nix/store/y6aj732zm9m87c82fpvf103a1xb22blp-file-5.43/bin:/nix/store/yq0vlv3d2f5si3ibawpq5ay2pc6knixp-nix-2.18.0pre20230808_c0e6466/bin:/nix/store/i4kzir3m7mrisxmf5xvlnkw01x4qaqr4-prybar-elisp-0.0.0-e0d9a52/bin:/nix/store/lwwivxf6h7x3cvxp9zv8sj0mv7dak99r-prybar-lua-0.0.0-e0d9a52/bin:/nix/st
LD_LIBRARY_PATH=/nix/store/a4pff549sk2idnkpzk5nsfps3mdkdnvm-cups-2.4.2-lib/lib:/nix/store/72mqxxhh3cy5yifh92wh2yb8cl2hikyy-cairo-1.16.0/lib:/nix/store/2k366jrbsra97gjfxwvrhvixjfxdach5-glib-2.74.1/lib:/nix/store/2j2znigd8ak37rlwh9khz0ry3clqlw1l-gtk+3-3.24.34/lib
DISPLAY=:0
LANG=en_US.UTF-8

Signal Handlers:
   SIGSEGV: crash_handler in libjvm.so, mask=11100100010111111101111111111110, flags=SA_RESTART|SA_SIGINFO
    SIGBUS: crash_handler in libjvm.so, mask=11100100010111111101111111111110, flags=SA_RESTART|SA_SIGINFO
    SIGFPE: crash_handler in libjvm.so, mask=11100100010111111101111111111110, flags=SA_RESTART|SA_SIGINFO
   SIGPIPE: IsolateEnterStub_IgnoreSIGPIPEStartupHook_noopSignalHandler_8f19bff2f35b5f630d83b364d6b2339320d4ec70_216e8361c6bc87a8f89f58cc10d3b2fd4415bf87 in libjvmcicompiler.so, mask=00000000000000000000000000000000, flags=SA_RESTART
  *** Handler was modified!
  *** Expected: javaSignalHandler in libjvm.so, mask=11100100110111111111111111111110, flags=SA_RESTART|SA_SIGINFO
   SIGXFSZ: javaSignalHandler in libjvm.so, mask=11100100010111111101111111111110, flags=SA_RESTART|SA_SIGINFO
    SIGILL: crash_handler in libjvm.so, mask=11100100010111111101111111111110, flags=SA_RESTART|SA_SIGINFO
   SIGUSR2: SR_handler in libjvm.so, mask=00000000000000000000000000000000, flags=SA_RESTART|SA_SIGINFO
    SIGHUP: UserHandler in libjvm.so, mask=11100100010111111101111111111110, flags=SA_RESTART|SA_SIGINFO
    SIGINT: UserHandler in libjvm.so, mask=11100100010111111101111111111110, flags=SA_RESTART|SA_SIGINFO
   SIGTERM: UserHandler in libjvm.so, mask=11100100010111111101111111111110, flags=SA_RESTART|SA_SIGINFO
   SIGQUIT: UserHandler in libjvm.so, mask=11100100010111111101111111111110, flags=SA_RESTART|SA_SIGINFO
  *** Handler was modified!
  *** Expected: javaSignalHandler in libjvm.so, mask=11100100110111111111111111111110, flags=SA_RESTART|SA_SIGINFO
   SIGTRAP: crash_handler in libjvm.so, mask=11100100010111111101111111111110, flags=SA_RESTART|SA_SIGINFO


---------------  S Y S T E M  ---------------

OS:
DISTRIB_ID=Ubuntu
DISTRIB_RELEASE=20.04
DISTRIB_CODENAME=focal
DISTRIB_DESCRIPTION="Ubuntu 20.04.2 LTS"
uname: Linux 6.5.0-1014-gcp #14~22.04.1-Ubuntu SMP Sat Feb 10 04:57:00 UTC 2024 x86_64
OS uptime: 0 days 1:51 hours
libc: glibc 2.35 NPTL 2.35 
rlimit (soft/hard): STACK 8192k/infinity , CORE infinity/infinity , NPROC infinity/infinity , NOFILE 5242/5242 , AS infinity/infinity , CPU infinity/infinity , DATA infinity/infinity , FSIZE infinity/infinity , MEMLOCK 8192k/8192k
load average: 8.54 8.70 9.75

/proc/meminfo:
MemTotal:       65835392 kB
MemFree:        40992376 kB
MemAvailable:   52129876 kB
Buffers:         1447628 kB
Cached:          9597628 kB
SwapCached:            0 kB
Active:         14965464 kB
Inactive:        8174672 kB
Active(anon):   11386268 kB
Inactive(anon):   647892 kB
Active(file):    3579196 kB
Inactive(file):  7526780 kB
Unevictable:       27772 kB
Mlocked:           27772 kB
SwapTotal:             0 kB
SwapFree:              0 kB
Zswap:                 0 kB
Zswapped:              0 kB
Dirty:              3988 kB
Writeback:             0 kB
AnonPages:      12036848 kB
Mapped:          1749896 kB
Shmem:            117980 kB
KReclaimable:     758216 kB
Slab:            1099848 kB
SReclaimable:     758216 kB
SUnreclaim:       341632 kB
KernelStack:       99220 kB
PageTables:       177340 kB
SecPageTables:         0 kB
NFS_Unstable:          0 kB
Bounce:                0 kB
WritebackTmp:          0 kB
CommitLimit:    32917696 kB
Committed_AS:   37124800 kB
VmallocTotal:   34359738367 kB
VmallocUsed:      119196 kB
VmallocChunk:          0 kB
Percpu:            24096 kB
HardwareCorrupted:     0 kB
AnonHugePages:    499712 kB
ShmemHugePages:        0 kB
ShmemPmdMapped:        0 kB
FileHugePages:         0 kB
FilePmdMapped:         0 kB
Unaccepted:            0 kB
HugePages_Total:       0
HugePages_Free:        0
HugePages_Rsvd:        0
HugePages_Surp:        0
Hugepagesize:       2048 kB
Hugetlb:               0 kB
DirectMap4k:      179000 kB
DirectMap2M:     8206336 kB
DirectMap1G:    60817408 kB

/sys/kernel/mm/transparent_hugepage/enabled: always [madvise] never
/sys/kernel/mm/transparent_hugepage/defrag (defrag/compaction efforts parameter): always defer defer+madvise [madvise] never

Process Memory:
Virtual Size: 4590208K (peak: 4652864K)
Resident Set Size: 810568K (peak: 879028K) (anon: 612752K, file: 197816K, shmem: 0K)
Swapped out: 0K
C-Heap outstanding allocations: 40729K, retained: 13742K
glibc malloc tunables: (default)

/proc/sys/kernel/threads-max (system-wide limit on the number of threads): 514277
/proc/sys/vm/max_map_count (maximum number of memory map areas a process may have): 65530
/proc/sys/kernel/pid_max (system-wide limit on number of process identifiers): 4194304

container (cgroup) information:
container_type: cgroupv2
cpu_cpuset_cpus: not supported
cpu_memory_nodes: not supported
active_processor_count: 1
cpu_quota: 50000
cpu_period: 100000
cpu_shares: no shares
memory_limit_in_bytes: 1048576 k
memory_and_swap_limit_in_bytes: unlimited
memory_soft_limit_in_bytes: 524288 k
memory_usage_in_bytes: 695708 k
memory_max_usage_in_bytes: not supported
maximum number of tasks: not supported
current number of tasks: not supported

KVM virtualization detected
Steal ticks since vm start: 3279
Steal ticks percentage since vm start:  0.002

CPU: total 8 (initial active 1) (4 cores per cpu, 2 threads per core) family 6 model 79 stepping 0 microcode 0xffffffff, cx8, cmov, fxsr, ht, mmx, 3dnowpref, sse, sse2, sse3, ssse3, sse4.1, sse4.2, popcnt, lzcnt, tsc, tscinvbit, avx, avx2, aes, erms, clmul, bmi1, bmi2, rtm, adx, fma, vzeroupper, clflush, hv
CPU Model and flags from /proc/cpuinfo:
model name	: Intel(R) Xeon(R) CPU @ 2.20GHz
flags		: fpu vme de pse tsc msr pae mce cx8 apic sep mtrr pge mca cmov pat pse36 clflush mmx fxsr sse sse2 ss ht syscall nx pdpe1gb rdtscp lm constant_tsc rep_good nopl xtopology nonstop_tsc cpuid tsc_known_freq pni pclmulqdq ssse3 fma cx16 pcid sse4_1 sse4_2 x2apic movbe popcnt aes xsave avx f16c rdrand hypervisor lahf_lm abm 3dnowprefetch invpcid_single pti ssbd ibrs ibpb stibp fsgsbase tsc_adjust bmi1 hle avx2 smep bmi2 erms invpcid rtm rdseed adx smap xsaveopt arat md_clear arch_capabilities

Online cpus: 0-7
Offline cpus: 
BIOS frequency limitation: <Not Available>
Frequency switch latency (ns): <Not Available>
Available cpu frequencies: <Not Available>
Current governor: <Not Available>
Core performance/turbo boost: <Not Available>

Memory: 4k page, physical 1048576k(352852k free), swap 0k(0k free)
Page Sizes: 4k

vm_info: OpenJDK 64-Bit Server VM (17.0.5+8-jvmci-22.3-b08) for linux-amd64 JRE (17.0.5+8-jvmci-22.3-b08), built on Oct 19 2022 09:01:27 by "buildslave" with gcc 10.3.0

END.
